This is XeTeX, Version 3.14159265-2.6-0.999992 (TeX Live 2020) (preloaded format=xelatex 2020.10.20)  9 JAN 2021 21:22
entering extended mode
 restricted \write18 enabled.
 file:line:error style messages enabled.
 %&-line parsing enabled.
**"/Users/kailianjacy/Desktop/fuckSlides/ISCV article template/example_zh"
(/Users/kailianjacy/Desktop/fuckSlides/ISCV article template/example_zh.tex
LaTeX2e <2020-02-02> patch level 5
L3 programming layer <2020-03-06> (/usr/local/texlive/2020/texmf-dist/tex/latex/base/article.cls
Document Class: article 2019/12/20 v1.4l Standard LaTeX document class
(/usr/local/texlive/2020/texmf-dist/tex/latex/base/size10.clo
File: size10.clo 2019/12/20 v1.4l Standard LaTeX file (size option)
)
\c@part=\count163
\c@section=\count164
\c@subsection=\count165
\c@subsubsection=\count166
\c@paragraph=\count167
\c@subparagraph=\count168
\c@figure=\count169
\c@table=\count170
\abovecaptionskip=\skip47
\belowcaptionskip=\skip48
\bibindent=\dimen134
) (./iscv.sty (/usr/local/texlive/2020/texmf-dist/tex/latex/geometry/geometry.sty
Package: geometry 2020/01/02 v5.9 Page Geometry
 (/usr/local/texlive/2020/texmf-dist/tex/latex/graphics/keyval.sty
Package: keyval 2014/10/28 v1.15 key=value parser (DPC)
\KV@toks@=\toks15
) (/usr/local/texlive/2020/texmf-dist/tex/generic/iftex/ifvtex.sty
Package: ifvtex 2019/10/25 v1.7 ifvtex legacy package. Use iftex instead.
 (/usr/local/texlive/2020/texmf-dist/tex/generic/iftex/iftex.sty
Package: iftex 2020/03/06 v1.0d TeX engine tests
))
\Gm@cnth=\count171
\Gm@cntv=\count172
\c@Gm@tempcnt=\count173
\Gm@bindingoffset=\dimen135
\Gm@wd@mp=\dimen136
\Gm@odd@mp=\dimen137
\Gm@even@mp=\dimen138
\Gm@layoutwidth=\dimen139
\Gm@layoutheight=\dimen140
\Gm@layouthoffset=\dimen141
\Gm@layoutvoffset=\dimen142
\Gm@dimlist=\toks16
) (/usr/local/texlive/2020/texmf-dist/tex/latex/ctex/ctex.sty (/usr/local/texlive/2020/texmf-dist/tex/latex/l3kernel/expl3.sty
Package: expl3 2020-03-06 L3 programming layer (loader) 
 (/usr/local/texlive/2020/texmf-dist/tex/latex/l3backend/l3backend-xdvipdfmx.def
File: l3backend-xdvipdfmx.def 2020-03-12 L3 backend support: xdvipdfmx
\g__graphics_track_int=\count174
\l__pdf_internal_box=\box45
\g__pdf_backend_object_int=\count175
\g__pdf_backend_annotation_int=\count176
))
Package: ctex 2019/05/29 v2.4.16 Chinese adapter in LaTeX (CTEX)
 (/usr/local/texlive/2020/texmf-dist/tex/latex/l3packages/xparse/xparse.sty
Package: xparse 2020-03-06 L3 Experimental document command parser
\l__xparse_current_arg_int=\count177
\g__xparse_grabber_int=\count178
\l__xparse_m_args_int=\count179
\l__xparse_v_nesting_int=\count180
) (/usr/local/texlive/2020/texmf-dist/tex/latex/l3packages/l3keys2e/l3keys2e.sty
Package: l3keys2e 2020-03-06 LaTeX2e option processing using LaTeX3 keys
) (/usr/local/texlive/2020/texmf-dist/tex/latex/ctex/ctexhook.sty
Package: ctexhook 2019/05/29 v2.4.16 Document and package hooks (CTEX)
) (/usr/local/texlive/2020/texmf-dist/tex/latex/ctex/ctexpatch.sty
Package: ctexpatch 2019/05/29 v2.4.16 Patching commands (CTEX)
) (/usr/local/texlive/2020/texmf-dist/tex/latex/base/fix-cm.sty
Package: fix-cm 2015/01/14 v1.1t fixes to LaTeX
 (/usr/local/texlive/2020/texmf-dist/tex/latex/base/ts1enc.def
File: ts1enc.def 2001/06/05 v3.0e (jk/car/fm) Standard LaTeX file
LaTeX Font Info:    Redeclaring font encoding TS1 on input line 47.
)) (/usr/local/texlive/2020/texmf-dist/tex/latex/ms/everysel.sty
Package: everysel 2011/10/28 v1.2 EverySelectfont Package (MS)
)
\l__ctex_tmp_int=\count181
\l__ctex_tmp_box=\box46
\l__ctex_tmp_dim=\dimen143
\g__ctex_section_depth_int=\count182
\g__ctex_font_size_int=\count183
 (/usr/local/texlive/2020/texmf-dist/tex/latex/ctex/config/ctexopts.cfg
File: ctexopts.cfg 2019/05/29 v2.4.16 Option configuration file (CTEX)
) (/usr/local/texlive/2020/texmf-dist/tex/latex/ctex/engine/ctex-engine-xetex.def
File: ctex-engine-xetex.def 2019/05/29 v2.4.16 XeLaTeX adapter (CTEX)
 (/usr/local/texlive/2020/texmf-dist/tex/xelatex/xecjk/xeCJK.sty
Package: xeCJK 2020/02/18 v3.8.2 Typesetting CJK scripts with XeLaTeX
 (/usr/local/texlive/2020/texmf-dist/tex/latex/l3packages/xtemplate/xtemplate.sty
Package: xtemplate 2020-03-06 L3 Experimental prototype document functions
\l__xtemplate_tmp_dim=\dimen144
\l__xtemplate_tmp_int=\count184
\l__xtemplate_tmp_muskip=\muskip16
\l__xtemplate_tmp_skip=\skip49
)
\l__xeCJK_tmp_int=\count185
\l__xeCJK_tmp_box=\box47
\l__xeCJK_tmp_dim=\dimen145
\l__xeCJK_tmp_skip=\skip50
\g__xeCJK_space_factor_int=\count186
\l__xeCJK_begin_int=\count187
\l__xeCJK_end_int=\count188
\c__xeCJK_CJK_class_int=\XeTeXcharclass1
\c__xeCJK_FullLeft_class_int=\XeTeXcharclass2
\c__xeCJK_FullRight_class_int=\XeTeXcharclass3
\c__xeCJK_HalfLeft_class_int=\XeTeXcharclass4
\c__xeCJK_HalfRight_class_int=\XeTeXcharclass5
\c__xeCJK_NormalSpace_class_int=\XeTeXcharclass6
\c__xeCJK_CM_class_int=\XeTeXcharclass7
\c__xeCJK_HangulJamo_class_int=\XeTeXcharclass8
\l__xeCJK_last_skip=\skip51
\g__xeCJK_node_int=\count189
\c__xeCJK_CJK_node_dim=\dimen146
\c__xeCJK_CJK-space_node_dim=\dimen147
\c__xeCJK_default_node_dim=\dimen148
\c__xeCJK_default-space_node_dim=\dimen149
\c__xeCJK_CJK-widow_node_dim=\dimen150
\c__xeCJK_normalspace_node_dim=\dimen151
\l__xeCJK_ccglue_skip=\skip52
\l__xeCJK_ecglue_skip=\skip53
\l__xeCJK_punct_kern_skip=\skip54
\l__xeCJK_last_penalty_int=\count190
\l__xeCJK_last_bound_dim=\dimen152
\l__xeCJK_last_kern_dim=\dimen153
\l__xeCJK_widow_penalty_int=\count191

Package xtemplate Info: Declaring object type 'xeCJK/punctuation' taking 0
(xtemplate)             argument(s) on line 2302.

\l__xeCJK_fixed_punct_width_dim=\dimen154
\l__xeCJK_mixed_punct_width_dim=\dimen155
\l__xeCJK_middle_punct_width_dim=\dimen156
\l__xeCJK_fixed_margin_width_dim=\dimen157
\l__xeCJK_mixed_margin_width_dim=\dimen158
\l__xeCJK_middle_margin_width_dim=\dimen159
\l__xeCJK_bound_punct_width_dim=\dimen160
\l__xeCJK_bound_margin_width_dim=\dimen161
\l__xeCJK_margin_minimum_dim=\dimen162
\l__xeCJK_kerning_total_width_dim=\dimen163
\l__xeCJK_same_align_margin_dim=\dimen164
\l__xeCJK_different_align_margin_dim=\dimen165
\l__xeCJK_kerning_margin_width_dim=\dimen166
\l__xeCJK_kerning_margin_minimum_dim=\dimen167
\l__xeCJK_bound_dim=\dimen168
\l__xeCJK_reverse_bound_dim=\dimen169
\l__xeCJK_margin_dim=\dimen170
\l__xeCJK_minimum_bound_dim=\dimen171
\l__xeCJK_kerning_margin_dim=\dimen172
\g__xeCJK_family_int=\count192
\l__xeCJK_fam_int=\count193
\g__xeCJK_fam_allocation_int=\count194
\l__xeCJK_verb_case_int=\count195
\l__xeCJK_verb_exspace_skip=\skip55
 (/usr/local/texlive/2020/texmf-dist/tex/latex/fontspec/fontspec.sty
Package: fontspec 2020/02/21 v2.7i Font selection for XeLaTeX and LuaLaTeX
 (/usr/local/texlive/2020/texmf-dist/tex/latex/fontspec/fontspec-xetex.sty
Package: fontspec-xetex 2020/02/21 v2.7i Font selection for XeLaTeX and LuaLaTeX
\l__fontspec_script_int=\count196
\l__fontspec_language_int=\count197
\l__fontspec_strnum_int=\count198
\l__fontspec_tmp_int=\count199
\l__fontspec_tmpa_int=\count266
\l__fontspec_tmpb_int=\count267
\l__fontspec_tmpc_int=\count268
\l__fontspec_em_int=\count269
\l__fontspec_emdef_int=\count270
\l__fontspec_strong_int=\count271
\l__fontspec_strongdef_int=\count272
\l__fontspec_tmpa_dim=\dimen173
\l__fontspec_tmpb_dim=\dimen174
\l__fontspec_tmpc_dim=\dimen175
 (/usr/local/texlive/2020/texmf-dist/tex/latex/base/fontenc.sty
Package: fontenc 2020/02/11 v2.0o Standard LaTeX package
) (/usr/local/texlive/2020/texmf-dist/tex/latex/fontspec/fontspec.cfg))) (/usr/local/texlive/2020/texmf-dist/tex/xelatex/xecjk/xeCJK.cfg
File: xeCJK.cfg 2020/02/18 v3.8.2 Configuration file for xeCJK package
)) (/usr/local/texlive/2020/texmf-dist/tex/xelatex/xecjk/xeCJKfntef.sty
Package: xeCJKfntef 2020/02/18 v3.8.2 xeCJK font effect
 (/usr/local/texlive/2020/texmf-dist/tex/generic/ulem/ulem.sty
\UL@box=\box48
\UL@hyphenbox=\box49
\UL@skip=\skip56
\UL@hook=\toks17
\UL@height=\dimen176
\UL@pe=\count273
\UL@pixel=\dimen177
\ULC@box=\box50
Package: ulem 2019/11/18
\ULdepth=\dimen178
)
\l__xeCJK_space_skip=\skip57
\c__xeCJK_ulem-begin_node_dim=\dimen179
\c__xeCJK_null_box=\box51
\l__xeCJK_fntef_box=\box52
\l__xeCJK_under_symbol_box=\box53
\c__xeCJK_filll_skip=\skip58
)
\ccwd=\dimen180
\l__ctex_ccglue_skip=\skip59
)
\l__ctex_ziju_dim=\dimen181
 (/usr/local/texlive/2020/texmf-dist/tex/latex/zhnumber/zhnumber.sty
Package: zhnumber 2019/04/07 v2.7 Typesetting numbers with Chinese glyphs
\l__zhnum_scale_int=\count274
 (/usr/local/texlive/2020/texmf-dist/tex/latex/zhnumber/zhnumber-utf8.cfg
File: zhnumber-utf8.cfg 2019/04/07 v2.7 Chinese numerals with UTF8 encoding
)) (/usr/local/texlive/2020/texmf-dist/tex/latex/ctex/scheme/ctex-scheme-plain.def
File: ctex-scheme-plain.def 2019/05/29 v2.4.16 Plain scheme for generic (CTEX)
) (/usr/local/texlive/2020/texmf-dist/tex/latex/ctex/fontset/ctex-fontset-ubuntu.def
File: ctex-fontset-ubuntu.def 2019/05/29 v2.4.16 Ubuntu fonts definition (CTEX)


/usr/local/texlive/2020/texmf-dist/tex/latex/ctex/fontset/ctex-fontset-ubuntu.def:80: Package fontspec Error: The font "AR PL UMing CN" cannot be found.

For immediate help type H <return>.
 ...                                              
                                                  
l.80   }
        

A font might not be found for many reasons.
 Check the spelling, where the font is installed etc. etc.

 When in doubt, ask someone for help!



Package fontspec Warning: Font "AR PL UMing CN" does not contain requested
(fontspec)                Script "CJK".


Package fontspec Info: Could not resolve font "AR PL UKai CN/B" (it probably
(fontspec)             doesn't exist).


Package fontspec Info: Could not resolve font "WenQuanYi Zen Hei/I" (it
(fontspec)             probably doesn't exist).


Package fontspec Info: Could not resolve font "AR PL UMing CN/BI" (it probably
(fontspec)             doesn't exist).


/usr/local/texlive/2020/texmf-dist/tex/latex/ctex/fontset/ctex-fontset-ubuntu.def:80: Package fontspec Error: The font "AR PL UMing CN" cannot be found.

For immediate help type H <return>.
 ...                                              
                                                  
l.80   }
        

A font might not be found for many reasons.
 Check the spelling, where the font is installed etc. etc.

 When in doubt, ask someone for help!



/usr/local/texlive/2020/texmf-dist/tex/latex/ctex/fontset/ctex-fontset-ubuntu.def:80: Package fontspec Error: The font "AR PL UMing CN" cannot be found.

For immediate help type H <return>.
 ...                                              
                                                  
l.80   }
        

A font might not be found for many reasons.
 Check the spelling, where the font is installed etc. etc.

 When in doubt, ask someone for help!



/usr/local/texlive/2020/texmf-dist/tex/latex/ctex/fontset/ctex-fontset-ubuntu.def:80: Package fontspec Error: The font "WenQuanYi Zen Hei" cannot be found.

For immediate help type H <return>.
 ...                                              
                                                  
l.80   }
        

A font might not be found for many reasons.
 Check the spelling, where the font is installed etc. etc.

 When in doubt, ask someone for help!



/usr/local/texlive/2020/texmf-dist/tex/latex/ctex/fontset/ctex-fontset-ubuntu.def:80: Package fontspec Error: The font "WenQuanYi Zen Hei" cannot be found.

For immediate help type H <return>.
 ...                                              
                                                  
l.80   }
        

A font might not be found for many reasons.
 Check the spelling, where the font is installed etc. etc.

 When in doubt, ask someone for help!



/usr/local/texlive/2020/texmf-dist/tex/latex/ctex/fontset/ctex-fontset-ubuntu.def:80: Package fontspec Error: The font "AR PL UKai CN" cannot be found.

For immediate help type H <return>.
 ...                                              
                                                  
l.80   }
        

A font might not be found for many reasons.
 Check the spelling, where the font is installed etc. etc.

 When in doubt, ask someone for help!



/usr/local/texlive/2020/texmf-dist/tex/latex/ctex/fontset/ctex-fontset-ubuntu.def:80: Package fontspec Error: The font "AR PL UKai CN" cannot be found.

For immediate help type H <return>.
 ...                                              
                                                  
l.80   }
        

A font might not be found for many reasons.
 Check the spelling, where the font is installed etc. etc.

 When in doubt, ask someone for help!



Package fontspec Info: Font family 'ARPLUMingCN(0)' created for font 'AR PL
(fontspec)             UMing CN' with options
(fontspec)             [Script={CJK},BoldFont={WenQuanYi Zen
(fontspec)             Hei},ItalicFont={AR PL UKai CN}].
(fontspec)              
(fontspec)              This font family consists of the following NFSS
(fontspec)             series/shapes:
(fontspec)              
(fontspec)             - 'normal' (m/n) with NFSS spec.: <->"AR PL UMing
(fontspec)             CN/OT"
(fontspec)             - 'small caps'  (m/sc) with NFSS spec.: <->"AR PL UMing
(fontspec)             CN/OT"
(fontspec)             - 'bold' (b/n) with NFSS spec.: <->"WenQuanYi Zen
(fontspec)             Hei/OT"
(fontspec)             - 'bold small caps'  (b/sc) with NFSS spec.:
(fontspec)             <->"WenQuanYi Zen Hei/OT"
(fontspec)             - 'italic' (m/it) with NFSS spec.: <->"AR PL UKai
(fontspec)             CN/OT"
(fontspec)             - 'italic small caps'  (m/scit) with NFSS spec.: <->"AR
(fontspec)             PL UKai CN/OT"

)) (/usr/local/texlive/2020/texmf-dist/tex/latex/ctex/config/ctex.cfg
File: ctex.cfg 2019/05/29 v2.4.16 Configuration file (CTEX)
) (/usr/local/texlive/2020/texmf-dist/tex/latex/newtx/newtxtext.sty
Package: newtxtext 2020/03/02 v1.625
 `newtxtext' v1.625, 2020/03/02 Text macros taking advantage of TeX-Gyre Termes fonts (msharpe) (/usr/local/texlive/2020/texmf-dist/tex/latex/fontaxes/fontaxes.sty
Package: fontaxes 2014/03/23 v1.0d Font selection axes
LaTeX Info: Redefining \upshape on input line 29.
LaTeX Info: Redefining \itshape on input line 31.
LaTeX Info: Redefining \slshape on input line 33.
LaTeX Info: Redefining \swshape on input line 35.
LaTeX Info: Redefining \scshape on input line 37.
LaTeX Info: Redefining \sscshape on input line 39.
LaTeX Info: Redefining \ulcshape on input line 41.
LaTeX Info: Redefining \textsw on input line 47.
LaTeX Info: Redefining \textssc on input line 48.
LaTeX Info: Redefining \textulc on input line 49.
)
\ntx@fs=\dimen182
 (/usr/local/texlive/2020/texmf-dist/tex/latex/xkeyval/xkeyval.sty
Package: xkeyval 2014/12/03 v2.7a package option processing (HA)
 (/usr/local/texlive/2020/texmf-dist/tex/generic/xkeyval/xkeyval.tex (/usr/local/texlive/2020/texmf-dist/tex/generic/xkeyval/xkvutils.tex
\XKV@toks=\toks18
\XKV@tempa@toks=\toks19
)
\XKV@depth=\count275
File: xkeyval.tex 2014/12/03 v2.7a key=value parser (HA)
)) (/usr/local/texlive/2020/texmf-dist/tex/latex/etoolbox/etoolbox.sty
Package: etoolbox 2019/09/21 v2.5h e-TeX tools for LaTeX (JAW)
\etb@tempcnta=\count276
) (/usr/local/texlive/2020/texmf-dist/tex/latex/base/fontenc.sty
Package: fontenc 2020/02/11 v2.0o Standard LaTeX package
LaTeX Font Info:    Trying to load font information for T1+ntxtlf on input line 112.
 (/usr/local/texlive/2020/texmf-dist/tex/latex/newtx/t1ntxtlf.fd
File: t1ntxtlf.fd 2015/01/17 v1.0 font definition file for T1/ntx/tlf
)
LaTeX Font Info:    Font shape `T1/ntxtlf/m/n' will be
(Font)              scaled to size 10.0pt on input line 112.
) (/usr/local/texlive/2020/texmf-dist/tex/latex/base/textcomp.sty
Package: textcomp 2020/02/02 v2.0n Standard LaTeX package
LaTeX Font Info:    Changing ? sub-encoding to TS1/0 on input line 75.
)
\ntxt@cntz=\count277
LaTeX Font Info:    Redeclaring math symbol \mathsterling on input line 263.
) (/usr/local/texlive/2020/texmf-dist/tex/latex/graphics/graphicx.sty
Package: graphicx 2019/11/30 v1.2a Enhanced LaTeX Graphics (DPC,SPQR)
 (/usr/local/texlive/2020/texmf-dist/tex/latex/graphics/graphics.sty
Package: graphics 2019/11/30 v1.4a Standard LaTeX Graphics (DPC,SPQR)
 (/usr/local/texlive/2020/texmf-dist/tex/latex/graphics/trig.sty
Package: trig 2016/01/03 v1.10 sin cos tan (DPC)
) (/usr/local/texlive/2020/texmf-dist/tex/latex/graphics-cfg/graphics.cfg
File: graphics.cfg 2016/06/04 v1.11 sample graphics configuration
)
Package graphics Info: Driver file: xetex.def on input line 105.
 (/usr/local/texlive/2020/texmf-dist/tex/latex/graphics-def/xetex.def
File: xetex.def 2017/06/24 v5.0h Graphics/color driver for xetex
))
\Gin@req@height=\dimen183
\Gin@req@width=\dimen184
) (/usr/local/texlive/2020/texmf-dist/tex/latex/booktabs/booktabs.sty
Package: booktabs 2020/01/12 v1.61803398 Publication quality tables
\heavyrulewidth=\dimen185
\lightrulewidth=\dimen186
\cmidrulewidth=\dimen187
\belowrulesep=\dimen188
\belowbottomsep=\dimen189
\aboverulesep=\dimen190
\abovetopsep=\dimen191
\cmidrulesep=\dimen192
\cmidrulekern=\dimen193
\defaultaddspace=\dimen194
\@cmidla=\count278
\@cmidlb=\count279
\@aboverulesep=\dimen195
\@belowrulesep=\dimen196
\@thisruleclass=\count280
\@lastruleclass=\count281
\@thisrulewidth=\dimen197
) (/usr/local/texlive/2020/texmf-dist/tex/latex/enumitem/enumitem.sty
Package: enumitem 2019/06/20 v3.9 Customized lists
\labelindent=\skip60
\enit@outerparindent=\dimen198
\enit@toks=\toks20
\enit@inbox=\box54
\enit@count@id=\count282
\enitdp@description=\count283
) (/usr/local/texlive/2020/texmf-dist/tex/latex/amsmath/amsmath.sty
Package: amsmath 2020/01/20 v2.17e AMS math features
\@mathmargin=\skip61

For additional information on amsmath, use the `?' option.
(/usr/local/texlive/2020/texmf-dist/tex/latex/amsmath/amstext.sty
Package: amstext 2000/06/29 v2.01 AMS text
 (/usr/local/texlive/2020/texmf-dist/tex/latex/amsmath/amsgen.sty
File: amsgen.sty 1999/11/30 v2.0 generic functions
\@emptytoks=\toks21
\ex@=\dimen199
)) (/usr/local/texlive/2020/texmf-dist/tex/latex/amsmath/amsbsy.sty
Package: amsbsy 1999/11/29 v1.2d Bold Symbols
\pmbraise@=\dimen256
) (/usr/local/texlive/2020/texmf-dist/tex/latex/amsmath/amsopn.sty
Package: amsopn 2016/03/08 v2.02 operator names
)
\inf@bad=\count284
LaTeX Info: Redefining \frac on input line 227.
\uproot@=\count285
\leftroot@=\count286
LaTeX Info: Redefining \overline on input line 389.
\classnum@=\count287
\DOTSCASE@=\count288
LaTeX Info: Redefining \ldots on input line 486.
LaTeX Info: Redefining \dots on input line 489.
LaTeX Info: Redefining \cdots on input line 610.
\Mathstrutbox@=\box55
\strutbox@=\box56
\big@size=\dimen257
LaTeX Font Info:    Redeclaring font encoding OML on input line 733.
LaTeX Font Info:    Redeclaring font encoding OMS on input line 734.
\macc@depth=\count289
\c@MaxMatrixCols=\count290
\dotsspace@=\muskip17
\c@parentequation=\count291
\dspbrk@lvl=\count292
\tag@help=\toks22
\row@=\count293
\column@=\count294
\maxfields@=\count295
\andhelp@=\toks23
\eqnshift@=\dimen258
\alignsep@=\dimen259
\tagshift@=\dimen260
\tagwidth@=\dimen261
\totwidth@=\dimen262
\lineht@=\dimen263
\@envbody=\toks24
\multlinegap=\skip62
\multlinetaggap=\skip63
\mathdisplay@stack=\toks25
LaTeX Info: Redefining \[ on input line 2859.
LaTeX Info: Redefining \] on input line 2860.
) (/usr/local/texlive/2020/texmf-dist/tex/latex/amsfonts/amssymb.sty
Package: amssymb 2013/01/14 v3.01 AMS font symbols
 (/usr/local/texlive/2020/texmf-dist/tex/latex/amsfonts/amsfonts.sty
Package: amsfonts 2013/01/14 v3.01 Basic AMSFonts support
\symAMSa=\mathgroup4
\symAMSb=\mathgroup5
LaTeX Font Info:    Redeclaring math symbol \hbar on input line 98.
LaTeX Font Info:    Overwriting math alphabet `\mathfrak' in version `bold'
(Font)                  U/euf/m/n --> U/euf/b/n on input line 106.
))) (/usr/local/texlive/2020/texmf-dist/tex/latex/capt-of/capt-of.sty
Package: capt-of 2009/12/29 v0.2 standard captions outside of floats
) (/usr/local/texlive/2020/texmf-dist/tex/generic/hologo/hologo.sty
Package: hologo 2019/12/05 v1.14 A logo collection with bookmark support (HO)
 (/usr/local/texlive/2020/texmf-dist/tex/generic/ltxcmds/ltxcmds.sty
Package: ltxcmds 2019/12/15 v1.24 LaTeX kernel commands for general use (HO)
) (/usr/local/texlive/2020/texmf-dist/tex/generic/infwarerr/infwarerr.sty
Package: infwarerr 2019/12/03 v1.5 Providing info/warning/error messages (HO)
) (/usr/local/texlive/2020/texmf-dist/tex/generic/kvsetkeys/kvsetkeys.sty
Package: kvsetkeys 2019/12/15 v1.18 Key value parser (HO)
) (/usr/local/texlive/2020/texmf-dist/tex/generic/kvdefinekeys/kvdefinekeys.sty
Package: kvdefinekeys 2019-12-19 v1.6 Define keys (HO)
) (/usr/local/texlive/2020/texmf-dist/tex/latex/pdftexcmds/pdftexcmds.sty
Package: pdftexcmds 2019/11/24 v0.31 Utility functions of pdfTeX for LuaTeX (HO)
Package pdftexcmds Info: \pdf@primitive is available.
Package pdftexcmds Info: \pdf@ifprimitive is available.
Package pdftexcmds Info: \pdfdraftmode not found.
))
No file example_zh.aux.
\openout1 = `example_zh.aux'.

LaTeX Font Info:    Checking defaults for OML/cmm/m/it on input line 12.
LaTeX Font Info:    ... okay on input line 12.
LaTeX Font Info:    Checking defaults for OMS/cmsy/m/n on input line 12.
LaTeX Font Info:    ... okay on input line 12.
LaTeX Font Info:    Checking defaults for OT1/cmr/m/n on input line 12.
LaTeX Font Info:    ... okay on input line 12.
LaTeX Font Info:    Checking defaults for T1/cmr/m/n on input line 12.
LaTeX Font Info:    ... okay on input line 12.
LaTeX Font Info:    Checking defaults for TS1/cmr/m/n on input line 12.
LaTeX Font Info:    ... okay on input line 12.
LaTeX Font Info:    Checking defaults for TU/lmr/m/n on input line 12.
LaTeX Font Info:    ... okay on input line 12.
LaTeX Font Info:    Checking defaults for OMX/cmex/m/n on input line 12.
LaTeX Font Info:    ... okay on input line 12.
LaTeX Font Info:    Checking defaults for U/cmr/m/n on input line 12.
LaTeX Font Info:    ... okay on input line 12.
*geometry* driver: auto-detecting
*geometry* detected driver: xetex
*geometry* verbose mode - [ preamble ] result:
* driver: xetex
* paper: b5paper
* layout: <same size as paper>
* layoutoffset:(h,v)=(0.0pt,0.0pt)
* modes: 
* h-part:(L,W,R)=(51.21495pt, 398.33858pt, 51.21497pt)
* v-part:(T,H,B)=(56.90549pt, 569.05511pt, 85.35829pt)
* \paperwidth=500.7685pt
* \paperheight=711.3189pt
* \textwidth=398.33858pt
* \textheight=569.05511pt
* \oddsidemargin=-21.05504pt
* \evensidemargin=-21.05504pt
* \topmargin=-52.3645pt
* \headheight=12.0pt
* \headsep=25.0pt
* \topskip=10.0pt
* \footskip=30.0pt
* \marginparwidth=65.0pt
* \marginparsep=11.0pt
* \columnsep=15.0pt
* \skip\footins=9.0pt plus 4.0pt minus 2.0pt
* \hoffset=0.0pt
* \voffset=0.0pt
* \mag=1000
* \@twocolumntrue
* \@twosidefalse
* \@mparswitchfalse
* \@reversemarginfalse
* (1in=72.27pt=25.4mm, 1cm=28.453pt)

ABD: EverySelectfont initializing macros
LaTeX Info: Redefining \selectfont on input line 12.

Package fontspec Info: Adjusting the maths setup (use [no-math] to avoid
(fontspec)             this).

\symlegacymaths=\mathgroup6
LaTeX Font Info:    Overwriting symbol font `legacymaths' in version `bold'
(Font)                  OT1/cmr/m/n --> OT1/cmr/bx/n on input line 12.
LaTeX Font Info:    Redeclaring math accent \acute on input line 12.
LaTeX Font Info:    Redeclaring math accent \grave on input line 12.
LaTeX Font Info:    Redeclaring math accent \ddot on input line 12.
LaTeX Font Info:    Redeclaring math accent \tilde on input line 12.
LaTeX Font Info:    Redeclaring math accent \bar on input line 12.
LaTeX Font Info:    Redeclaring math accent \breve on input line 12.
LaTeX Font Info:    Redeclaring math accent \check on input line 12.
LaTeX Font Info:    Redeclaring math accent \hat on input line 12.
LaTeX Font Info:    Redeclaring math accent \dot on input line 12.
LaTeX Font Info:    Redeclaring math accent \mathring on input line 12.
LaTeX Font Info:    Redeclaring math symbol \Gamma on input line 12.
LaTeX Font Info:    Redeclaring math symbol \Delta on input line 12.
LaTeX Font Info:    Redeclaring math symbol \Theta on input line 12.
LaTeX Font Info:    Redeclaring math symbol \Lambda on input line 12.
LaTeX Font Info:    Redeclaring math symbol \Xi on input line 12.
LaTeX Font Info:    Redeclaring math symbol \Pi on input line 12.
LaTeX Font Info:    Redeclaring math symbol \Sigma on input line 12.
LaTeX Font Info:    Redeclaring math symbol \Upsilon on input line 12.
LaTeX Font Info:    Redeclaring math symbol \Phi on input line 12.
LaTeX Font Info:    Redeclaring math symbol \Psi on input line 12.
LaTeX Font Info:    Redeclaring math symbol \Omega on input line 12.
LaTeX Font Info:    Redeclaring math symbol \mathdollar on input line 12.
LaTeX Font Info:    Redeclaring symbol font `operators' on input line 12.
LaTeX Font Info:    Encoding `OT1' has changed to `TU' for symbol font
(Font)              `operators' in the math version `normal' on input line 12.
LaTeX Font Info:    Overwriting symbol font `operators' in version `normal'
(Font)                  OT1/cmr/m/n --> TU/ntxtlf/m/n on input line 12.
LaTeX Font Info:    Encoding `OT1' has changed to `TU' for symbol font
(Font)              `operators' in the math version `bold' on input line 12.
LaTeX Font Info:    Overwriting symbol font `operators' in version `bold'
(Font)                  OT1/cmr/bx/n --> TU/ntxtlf/m/n on input line 12.
LaTeX Font Info:    Overwriting symbol font `operators' in version `normal'
(Font)                  TU/ntxtlf/m/n --> TU/ntxtlf/m/n on input line 12.
LaTeX Font Info:    Overwriting math alphabet `\mathit' in version `normal'
(Font)                  OT1/cmr/m/it --> TU/ntxtlf/m/it on input line 12.
LaTeX Font Info:    Overwriting math alphabet `\mathbf' in version `normal'
(Font)                  OT1/cmr/bx/n --> TU/ntxtlf/b/n on input line 12.
LaTeX Font Info:    Overwriting math alphabet `\mathsf' in version `normal'
(Font)                  OT1/cmss/m/n --> TU/qhv/m/n on input line 12.
LaTeX Font Info:    Overwriting math alphabet `\mathtt' in version `normal'
(Font)                  OT1/cmtt/m/n --> TU/ntxtt/m/n on input line 12.
LaTeX Font Info:    Overwriting symbol font `operators' in version `bold'
(Font)                  TU/ntxtlf/m/n --> TU/ntxtlf/b/n on input line 12.
LaTeX Font Info:    Overwriting math alphabet `\mathit' in version `bold'
(Font)                  OT1/cmr/bx/it --> TU/ntxtlf/b/it on input line 12.
LaTeX Font Info:    Overwriting math alphabet `\mathsf' in version `bold'
(Font)                  OT1/cmss/bx/n --> TU/qhv/b/n on input line 12.
LaTeX Font Info:    Overwriting math alphabet `\mathtt' in version `bold'
(Font)                  OT1/cmtt/m/n --> TU/ntxtt/b/n on input line 12.
\c@mv@tabular=\count296
\c@mv@boldtabular=\count297
LaTeX Font Info:    Font shape `T1/ntxtlf/m/n' will be
(Font)              scaled to size 17.28pt on input line 22.
LaTeX Font Info:    Font shape `T1/ntxtlf/b/n' will be
(Font)              scaled to size 17.28pt on input line 22.

/Users/kailianjacy/Desktop/fuckSlides/ISCV article template/example_zh.tex:22: Font TU/ARPLUMingCN(0)/b/n/17.28="WenQuanYi Zen Hei/OT" at 17.28pt not loadable: Metric (TFM) file or installed font not found.
<to be read again> 
                   relax 
l.22 \maketitle
               
I wasn't able to read the size data for this font,
so I will ignore the font specification.
[Wizards can fix TFM files using TFtoPL/PLtoTF.]
You might try inserting a different font spec;
e.g., type `I\font<same font id>=<substitute font name>'.

Missing character: There is no 电 in font nullfont!
Missing character: There is no 车 in font nullfont!
Missing character: There is no 难 in font nullfont!
Missing character: There is no 题 in font nullfont!
Missing character: There is no 之 in font nullfont!
Missing character: There is no 思 in font nullfont!
Missing character: There is no — in font nullfont!
Missing character: There is no — in font nullfont!
Missing character: There is no — in font nullfont!
Missing character: There is no — in font nullfont!
Missing character: There is no 浅 in font nullfont!
Missing character: There is no 谈 in font nullfont!
Missing character: There is no 后 in font nullfont!
Missing character: There is no 果 in font nullfont!
Missing character: There is no 主 in font nullfont!
Missing character: There is no 义 in font nullfont!
Missing character: There is no 解 in font nullfont!
Missing character: There is no 决 in font nullfont!
Missing character: There is no 伦 in font nullfont!
Missing character: There is no 理 in font nullfont!
Missing character: There is no 困 in font nullfont!
Missing character: There is no 境 in font nullfont!
Missing character: There is no 之 in font nullfont!
Missing character: There is no 优 in font nullfont!
Missing character: There is no 越 in font nullfont!
Missing character: There is no 性 in font nullfont!
LaTeX Font Info:    Font shape `T1/ntxtlf/m/n' will be
(Font)              scaled to size 12.0pt on input line 22.
LaTeX Font Info:    Trying to load font information for TU+ntxtlf on input line 22.
LaTeX Font Info:    No file TUntxtlf.fd. on input line 22.

LaTeX Font Warning: Font shape `TU/ntxtlf/m/n' undefined
(Font)              using `TU/lmr/m/n' instead on input line 22.

LaTeX Font Info:    Trying to load font information for U+msa on input line 22.
(/usr/local/texlive/2020/texmf-dist/tex/latex/amsfonts/umsa.fd
File: umsa.fd 2013/01/14 v3.01 AMS symbols A
)
LaTeX Font Info:    Trying to load font information for U+msb on input line 22.
 (/usr/local/texlive/2020/texmf-dist/tex/latex/amsfonts/umsb.fd
File: umsb.fd 2013/01/14 v3.01 AMS symbols B
)
/Users/kailianjacy/Desktop/fuckSlides/ISCV article template/example_zh.tex:22: Font TU/ARPLUMingCN(0)/m/n/12="AR PL UMing CN/OT" at 12.0pt not loadable: Metric (TFM) file or installed font not found.
<to be read again> 
                   relax 
l.22 \maketitle
               
I wasn't able to read the size data for this font,
so I will ignore the font specification.
[Wizards can fix TFM files using TFtoPL/PLtoTF.]
You might try inserting a different font spec;
e.g., type `I\font<same font id>=<substitute font name>'.

Missing character: There is no 浙 in font nullfont!
Missing character: There is no 江 in font nullfont!
Missing character: There is no 大 in font nullfont!
Missing character: There is no 学 in font nullfont!
Missing character: There is no 土 in font nullfont!
Missing character: There is no 水 in font nullfont!
Missing character: There is no 交 in font nullfont!
Missing character: There is no 徐 in font nullfont!
Missing character: There is no 子 in font nullfont!
Missing character: There is no 安 in font nullfont!
LaTeX Font Info:    Font shape `T1/ntxtlf/m/n' will be
(Font)              scaled to size 14.4pt on input line 24.
LaTeX Font Info:    Font shape `T1/ntxtlf/b/n' will be
(Font)              scaled to size 14.4pt on input line 24.
/Users/kailianjacy/Desktop/fuckSlides/ISCV article template/example_zh.tex:24: Font TU/ARPLUMingCN(0)/b/n/14.4="WenQuanYi Zen Hei/OT" at 14.4pt not loadable: Metric (TFM) file or installed font not found.
<to be read again> 
                   relax 
l.24 \abstract
              
I wasn't able to read the size data for this font,
so I will ignore the font specification.
[Wizards can fix TFM files using TFtoPL/PLtoTF.]
You might try inserting a different font spec;
e.g., type `I\font<same font id>=<substitute font name>'.

Missing character: There is no 摘 in font nullfont!
Missing character: There is no 要 in font nullfont!
/Users/kailianjacy/Desktop/fuckSlides/ISCV article template/example_zh.tex:25: Font TU/ARPLUMingCN(0)/m/n/10="AR PL UMing CN/OT" at 10.0pt not loadable: Metric (TFM) file or installed font not found.
<to be read again> 
                   relax 
l.25 摘
      要写在这里。摘要应简明地概括文章的主要内容。
I wasn't able to read the size data for this font,
so I will ignore the font specification.
[Wizards can fix TFM files using TFtoPL/PLtoTF.]
You might try inserting a different font spec;
e.g., type `I\font<same font id>=<substitute font name>'.

Missing character: There is no 摘 in font nullfont!
Missing character: There is no 要 in font nullfont!
Missing character: There is no 写 in font nullfont!
Missing character: There is no 在 in font nullfont!
Missing character: There is no 这 in font nullfont!
Missing character: There is no 里 in font nullfont!
Missing character: There is no 。 in font nullfont!
Missing character: There is no 摘 in font nullfont!
Missing character: There is no 要 in font nullfont!
Missing character: There is no 应 in font nullfont!
Missing character: There is no 简 in font nullfont!
Missing character: There is no 明 in font nullfont!
Missing character: There is no 地 in font nullfont!
Missing character: There is no 概 in font nullfont!
Missing character: There is no 括 in font nullfont!
Missing character: There is no 文 in font nullfont!
Missing character: There is no 章 in font nullfont!
Missing character: There is no 的 in font nullfont!
Missing character: There is no 主 in font nullfont!
Missing character: There is no 要 in font nullfont!
Missing character: There is no 内 in font nullfont!
Missing character: There is no 容 in font nullfont!
Missing character: There is no 。 in font nullfont!
/Users/kailianjacy/Desktop/fuckSlides/ISCV article template/example_zh.tex:25: Missing number, treated as zero.
<to be read again> 
                   \c__xeCJK_xeCJK/ARPLUMingCN(0)/m/n/10/quanjiao/dim/rule/r...
l.25 摘要写在这里。摘要应简明地概括文章的主要内容。
                            
A number should have been here; I inserted `0'.
(If you can't figure out why I needed to see a number,
look up `weird error' in the index to The TeXbook.)

/Users/kailianjacy/Desktop/fuckSlides/ISCV article template/example_zh.tex:25: Illegal unit of measure (pt inserted).
<to be read again> 
                   \c__xeCJK_xeCJK/ARPLUMingCN(0)/m/n/10/quanjiao/dim/rule/r...
l.25 摘要写在这里。摘要应简明地概括文章的主要内容。
                            
Dimensions can be in units of em, ex, in, pt, pc,
cm, mm, dd, cc, bp, or sp; but yours is a new one!
I'll assume that you meant to say pt, for printer's points.
To recover gracefully from this error, it's best to
delete the erroneous units; e.g., type `2' to delete
two letters. (See Chapter 27 of The TeXbook.)

Missing character: There is no d in font nullfont!
Missing character: There is no e in font nullfont!
Missing character: There is no p in font nullfont!
Missing character: There is no t in font nullfont!
Missing character: There is no h in font nullfont!
/Users/kailianjacy/Desktop/fuckSlides/ISCV article template/example_zh.tex:25: Missing number, treated as zero.
<to be read again> 
                   h
l.25 摘要写在这里。摘要应简明地概括文章的主要内容。
                            
A number should have been here; I inserted `0'.
(If you can't figure out why I needed to see a number,
look up `weird error' in the index to The TeXbook.)

/Users/kailianjacy/Desktop/fuckSlides/ISCV article template/example_zh.tex:25: Illegal unit of measure (pt inserted).
<to be read again> 
                   h
l.25 摘要写在这里。摘要应简明地概括文章的主要内容。
                            
Dimensions can be in units of em, ex, in, pt, pc,
cm, mm, dd, cc, bp, or sp; but yours is a new one!
I'll assume that you meant to say pt, for printer's points.
To recover gracefully from this error, it's best to
delete the erroneous units; e.g., type `2' to delete
two letters. (See Chapter 27 of The TeXbook.)

Missing character: There is no h in font nullfont!
Missing character: There is no e in font nullfont!
Missing character: There is no i in font nullfont!
Missing character: There is no g in font nullfont!
Missing character: There is no h in font nullfont!
Missing character: There is no t in font nullfont!
/Users/kailianjacy/Desktop/fuckSlides/ISCV article template/example_zh.tex:25: Missing number, treated as zero.
<to be read again> 
                   \scan_stop: 
l.25 摘要写在这里。摘要应简明地概括文章的主要内容。
                            
A number should have been here; I inserted `0'.
(If you can't figure out why I needed to see a number,
look up `weird error' in the index to The TeXbook.)

/Users/kailianjacy/Desktop/fuckSlides/ISCV article template/example_zh.tex:25: Illegal unit of measure (pt inserted).
<to be read again> 
                   \scan_stop: 
l.25 摘要写在这里。摘要应简明地概括文章的主要内容。
                            
Dimensions can be in units of em, ex, in, pt, pc,
cm, mm, dd, cc, bp, or sp; but yours is a new one!
I'll assume that you meant to say pt, for printer's points.
To recover gracefully from this error, it's best to
delete the erroneous units; e.g., type `2' to delete
two letters. (See Chapter 27 of The TeXbook.)

/Users/kailianjacy/Desktop/fuckSlides/ISCV article template/example_zh.tex:25: Missing \endcsname inserted.
<to be read again> 
                   \skip_horizontal:N 
l.25 摘要写在这里。摘要应简明地概括文章的主要内容。
                            
The control sequence marked <to be read again> should
not appear between \csname and \endcsname.

/Users/kailianjacy/Desktop/fuckSlides/ISCV article template/example_zh.tex:25: Missing number, treated as zero.
<to be read again> 
                   \c__xeCJK_xeCJK/ARPLUMingCN(0)/m/n/10/quanjiao/dim/bound/...
l.25 摘要写在这里。摘要应简明地概括文章的主要内容。
                            
A number should have been here; I inserted `0'.
(If you can't figure out why I needed to see a number,
look up `weird error' in the index to The TeXbook.)

/Users/kailianjacy/Desktop/fuckSlides/ISCV article template/example_zh.tex:25: Illegal unit of measure (pt inserted).
<to be read again> 
                   \c__xeCJK_xeCJK/ARPLUMingCN(0)/m/n/10/quanjiao/dim/bound/...
l.25 摘要写在这里。摘要应简明地概括文章的主要内容。
                            
Dimensions can be in units of em, ex, in, pt, pc,
cm, mm, dd, cc, bp, or sp; but yours is a new one!
I'll assume that you meant to say pt, for printer's points.
To recover gracefully from this error, it's best to
delete the erroneous units; e.g., type `2' to delete
two letters. (See Chapter 27 of The TeXbook.)

/Users/kailianjacy/Desktop/fuckSlides/ISCV article template/example_zh.tex:25: Missing number, treated as zero.
<to be read again> 
                   \c__xeCJK_xeCJK/ARPLUMingCN(0)/m/n/10/quanjiao/skip/glue/...
l.25 摘要写在这里。摘要应简明地概括文章的主要内容。
                            
A number should have been here; I inserted `0'.
(If you can't figure out why I needed to see a number,
look up `weird error' in the index to The TeXbook.)

/Users/kailianjacy/Desktop/fuckSlides/ISCV article template/example_zh.tex:25: Illegal unit of measure (pt inserted).
<to be read again> 
                   \c__xeCJK_xeCJK/ARPLUMingCN(0)/m/n/10/quanjiao/skip/glue/...
l.25 摘要写在这里。摘要应简明地概括文章的主要内容。
                            
Dimensions can be in units of em, ex, in, pt, pc,
cm, mm, dd, cc, bp, or sp; but yours is a new one!
I'll assume that you meant to say pt, for printer's points.
To recover gracefully from this error, it's best to
delete the erroneous units; e.g., type `2' to delete
two letters. (See Chapter 27 of The TeXbook.)

/Users/kailianjacy/Desktop/fuckSlides/ISCV article template/example_zh.tex:25: Extra \endcsname.
<recently read> \cs_end: 
                         
l.25 摘要写在这里。摘要应简明地概括文章的主要内容。
                            
I'm ignoring this, since I wasn't doing a \csname.

/Users/kailianjacy/Desktop/fuckSlides/ISCV article template/example_zh.tex:25: Improper alphabetic constant.
<to be read again> 
                   \__xeCJK_punct_glue:NN 
l.25 摘要写在这里。摘要应简明地概括文章的主要内容。
                            
A one-character control sequence belongs after a ` mark.
So I'm essentially inserting \0 here.

/Users/kailianjacy/Desktop/fuckSlides/ISCV article template/example_zh.tex:25: Illegal unit of measure (pt inserted).
<to be read again> 
                   \skip_horizontal:N 
l.25 摘要写在这里。摘要应简明地概括文章的主要内容。
                            
Dimensions can be in units of em, ex, in, pt, pc,
cm, mm, dd, cc, bp, or sp; but yours is a new one!
I'll assume that you meant to say pt, for printer's points.
To recover gracefully from this error, it's best to
delete the erroneous units; e.g., type `2' to delete
two letters. (See Chapter 27 of The TeXbook.)

/Users/kailianjacy/Desktop/fuckSlides/ISCV article template/example_zh.tex:25: Missing number, treated as zero.
<to be read again> 
                   \c__xeCJK_xeCJK/ARPLUMingCN(0)/m/n/10/quanjiao/skip/glue/...
l.25 摘要写在这里。摘要应简明地概括文章的主要内容。
                            
A number should have been here; I inserted `0'.
(If you can't figure out why I needed to see a number,
look up `weird error' in the index to The TeXbook.)

/Users/kailianjacy/Desktop/fuckSlides/ISCV article template/example_zh.tex:25: Illegal unit of measure (pt inserted).
<to be read again> 
                   \c__xeCJK_xeCJK/ARPLUMingCN(0)/m/n/10/quanjiao/skip/glue/...
l.25 摘要写在这里。摘要应简明地概括文章的主要内容。
                            
Dimensions can be in units of em, ex, in, pt, pc,
cm, mm, dd, cc, bp, or sp; but yours is a new one!
I'll assume that you meant to say pt, for printer's points.
To recover gracefully from this error, it's best to
delete the erroneous units; e.g., type `2' to delete
two letters. (See Chapter 27 of The TeXbook.)

LaTeX Font Info:    Font shape `T1/ntxtlf/b/n' will be
(Font)              scaled to size 10.0pt on input line 27.
/Users/kailianjacy/Desktop/fuckSlides/ISCV article template/example_zh.tex:27: Font TU/ARPLUMingCN(0)/b/n/10="WenQuanYi Zen Hei/OT" at 10.0pt not loadable: Metric (TFM) file or installed font not found.
<to be read again> 
                   relax 
l.27 \keywords 后
                果主义, 伦理冲突, 利己主义
I wasn't able to read the size data for this font,
so I will ignore the font specification.
[Wizards can fix TFM files using TFtoPL/PLtoTF.]
You might try inserting a different font spec;
e.g., type `I\font<same font id>=<substitute font name>'.

Missing character: There is no 关 in font nullfont!
Missing character: There is no 键 in font nullfont!
Missing character: There is no 词 in font nullfont!
Missing character: There is no : in font nullfont!
/Users/kailianjacy/Desktop/fuckSlides/ISCV article template/example_zh.tex:27: Missing } inserted.
<inserted text> 
                }
l.27 \keywords 后
                果主义, 伦理冲突, 利己主义
I've inserted something that you may have forgotten.
(See the <inserted text> above.)
With luck, this will get me unwedged. But if you
really didn't forget anything, try typing `2' now; then
my insertion and my current dilemma will both disappear.

Missing character: There is no 后 in font nullfont!
Missing character: There is no 果 in font nullfont!
Missing character: There is no 主 in font nullfont!
Missing character: There is no 义 in font nullfont!
Missing character: There is no , in font nullfont!
Missing character: There is no 伦 in font nullfont!
Missing character: There is no 理 in font nullfont!
Missing character: There is no 冲 in font nullfont!
Missing character: There is no 突 in font nullfont!
Missing character: There is no , in font nullfont!
Missing character: There is no 利 in font nullfont!
Missing character: There is no 己 in font nullfont!
Missing character: There is no 主 in font nullfont!
Missing character: There is no 义 in font nullfont!
Missing character: There is no 引 in font nullfont!
Missing character: There is no 言 in font nullfont!
/Users/kailianjacy/Desktop/fuckSlides/ISCV article template/example_zh.tex:30: Cannot use \XeTeXglyphbounds with nullfont; not a native platform font.
<recently read> \tex_XeTeXglyphbounds:D 
                                        
l.30       “
            哲学来源于生活”。

/Users/kailianjacy/Desktop/fuckSlides/ISCV article template/example_zh.tex:30: Cannot use \XeTeXglyphbounds with nullfont; not a native platform font.
<recently read> \tex_XeTeXglyphbounds:D 
                                        
l.30       “
            哲学来源于生活”。

/Users/kailianjacy/Desktop/fuckSlides/ISCV article template/example_zh.tex:30: Missing ) inserted for expression.
<to be read again> 
                   1
l.30       “
            哲学来源于生活”。
I was expecting to see `+', `-', `*', `/', or `)'. Didn't.

/Users/kailianjacy/Desktop/fuckSlides/ISCV article template/example_zh.tex:30: You can't use `\XeTeXcharglyph' in horizontal mode.
\c__xeCJK_xeCJK/ARPLUMingCN(0)/m/n/10/quanjiao/dim/bound/left/“/tl ...
                                                  `“\exp_stop_f: \__dim_eval...
l.30       “
            哲学来源于生活”。
Sorry, but I'm not programmed to handle this case;
I'll just pretend that you didn't ask for it.
If you're in the wrong mode, you might be able to
return to the right one by typing `I}' or `I$' or `I\par'.

/Users/kailianjacy/Desktop/fuckSlides/ISCV article template/example_zh.tex:30: Cannot use \XeTeXglyphbounds with nullfont; not a native platform font.
<recently read> \tex_XeTeXglyphbounds:D 
                                        
l.30       “
            哲学来源于生活”。


/Users/kailianjacy/Desktop/fuckSlides/ISCV article template/example_zh.tex:30: LaTeX3 Error: Control sequence
(LaTeX3)       
\c__xeCJK_xeCJK/ARPLUMingCN(0)/m/n/10/quanjiao/dim/bound/left/“/tl
(LaTeX3)        already defined.

For immediate help type H <return>.
 ...                                              
                                                  
l.30       “
            哲学来源于生活”。

This is a coding error.

LaTeX has been asked to create a new control sequence
'\c__xeCJK_xeCJK/ARPLUMingCN(0)/m/n/10/quanjiao/dim/bound/left/“/tl' but this
name has already been used elsewhere.

The current meaning is:
  macro:->0.0pt1 \tex_XeTeXcharglyph:D `“\exp_stop_f: \__dim_eval_end: 


/Users/kailianjacy/Desktop/fuckSlides/ISCV article template/example_zh.tex:30: Cannot use \XeTeXglyphbounds with nullfont; not a native platform font.
<recently read> \tex_XeTeXglyphbounds:D 
                                        
l.30       “
            哲学来源于生活”。


/Users/kailianjacy/Desktop/fuckSlides/ISCV article template/example_zh.tex:30: LaTeX3 Error: Control sequence
(LaTeX3)       
\c__xeCJK_xeCJK/ARPLUMingCN(0)/m/n/10/quanjiao/dim/bound/right/“/tl
(LaTeX3)        already defined.

For immediate help type H <return>.
 ...                                              
                                                  
l.30       “
            哲学来源于生活”。

This is a coding error.

LaTeX has been asked to create a new control sequence
'\c__xeCJK_xeCJK/ARPLUMingCN(0)/m/n/10/quanjiao/dim/bound/right/“/tl' but this
name has already been used elsewhere.

The current meaning is:
  macro:->0.0pt3 \tex_XeTeXcharglyph:D `“\exp_stop_f: \__dim_eval_end: 



/Users/kailianjacy/Desktop/fuckSlides/ISCV article template/example_zh.tex:30: LaTeX3 Error: Control sequence
(LaTeX3)        \c__xeCJK_xeCJK/ARPLUMingCN(0)/m/n/10/quanjiao/dim/width/“/tl
(LaTeX3)        already defined.

For immediate help type H <return>.
 ...                                              
                                                  
l.30       “
            哲学来源于生活”。

This is a coding error.

LaTeX has been asked to create a new control sequence
'\c__xeCJK_xeCJK/ARPLUMingCN(0)/m/n/10/quanjiao/dim/width/“/tl' but this name
has already been used elsewhere.

The current meaning is:
  macro:->0.0pt


/Users/kailianjacy/Desktop/fuckSlides/ISCV article template/example_zh.tex:30: Missing ) inserted for expression.
<to be read again> 
                   1
l.30       “
            哲学来源于生活”。
I was expecting to see `+', `-', `*', `/', or `)'. Didn't.


/Users/kailianjacy/Desktop/fuckSlides/ISCV article template/example_zh.tex:30: LaTeX3 Error: Control sequence
(LaTeX3)        \c__xeCJK_xeCJK/ARPLUMingCN(0)/m/n/10/quanjiao/dim/dimen/“/tl
(LaTeX3)        already defined.

For immediate help type H <return>.
 ...                                              
                                                  
l.30       “
            哲学来源于生活”。

This is a coding error.

LaTeX has been asked to create a new control sequence
'\c__xeCJK_xeCJK/ARPLUMingCN(0)/m/n/10/quanjiao/dim/dimen/“/tl' but this name
has already been used elsewhere.

The current meaning is:
  macro:->0.0pt1 \tex_XeTeXcharglyph:D `“\exp_stop_f: \__dim_eval_end:
)-(0.0pt3 \tex_XeTeXcharglyph:D `“\exp_stop_f: \__dim_eval_end:
)\__dim_eval_end: 


/Users/kailianjacy/Desktop/fuckSlides/ISCV article template/example_zh.tex:30: You can't use `\XeTeXcharglyph' in horizontal mode.
\c__xeCJK_xeCJK/ARPLUMingCN(0)/m/n/10/quanjiao/dim/bound/left/“/tl ...
                                                  `“\exp_stop_f: \__dim_eval...
l.30       “
            哲学来源于生活”。
Sorry, but I'm not programmed to handle this case;
I'll just pretend that you didn't ask for it.
If you're in the wrong mode, you might be able to
return to the right one by typing `I}' or `I$' or `I\par'.

/Users/kailianjacy/Desktop/fuckSlides/ISCV article template/example_zh.tex:30: Cannot use \XeTeXglyphbounds with nullfont; not a native platform font.
<recently read> \tex_XeTeXglyphbounds:D 
                                        
l.30       “
            哲学来源于生活”。


/Users/kailianjacy/Desktop/fuckSlides/ISCV article template/example_zh.tex:30: LaTeX3 Error: Control sequence
(LaTeX3)       
\c__xeCJK_xeCJK/ARPLUMingCN(0)/m/n/10/quanjiao/dim/bound/left/“/tl
(LaTeX3)        already defined.

For immediate help type H <return>.
 ...                                              
                                                  
l.30       “
            哲学来源于生活”。

This is a coding error.

LaTeX has been asked to create a new control sequence
'\c__xeCJK_xeCJK/ARPLUMingCN(0)/m/n/10/quanjiao/dim/bound/left/“/tl' but this
name has already been used elsewhere.

The current meaning is:
  macro:->0.0pt1 \tex_XeTeXcharglyph:D `“\exp_stop_f: \__dim_eval_end: 


/Users/kailianjacy/Desktop/fuckSlides/ISCV article template/example_zh.tex:30: Cannot use \XeTeXglyphbounds with nullfont; not a native platform font.
<recently read> \tex_XeTeXglyphbounds:D 
                                        
l.30       “
            哲学来源于生活”。


/Users/kailianjacy/Desktop/fuckSlides/ISCV article template/example_zh.tex:30: LaTeX3 Error: Control sequence
(LaTeX3)       
\c__xeCJK_xeCJK/ARPLUMingCN(0)/m/n/10/quanjiao/dim/bound/right/“/tl
(LaTeX3)        already defined.

For immediate help type H <return>.
 ...                                              
                                                  
l.30       “
            哲学来源于生活”。

This is a coding error.

LaTeX has been asked to create a new control sequence
'\c__xeCJK_xeCJK/ARPLUMingCN(0)/m/n/10/quanjiao/dim/bound/right/“/tl' but this
name has already been used elsewhere.

The current meaning is:
  macro:->0.0pt3 \tex_XeTeXcharglyph:D `“\exp_stop_f: \__dim_eval_end: 



/Users/kailianjacy/Desktop/fuckSlides/ISCV article template/example_zh.tex:30: LaTeX3 Error: Control sequence
(LaTeX3)        \c__xeCJK_xeCJK/ARPLUMingCN(0)/m/n/10/quanjiao/dim/width/“/tl
(LaTeX3)        already defined.

For immediate help type H <return>.
 ...                                              
                                                  
l.30       “
            哲学来源于生活”。

This is a coding error.

LaTeX has been asked to create a new control sequence
'\c__xeCJK_xeCJK/ARPLUMingCN(0)/m/n/10/quanjiao/dim/width/“/tl' but this name
has already been used elsewhere.

The current meaning is:
  macro:->0.0pt


/Users/kailianjacy/Desktop/fuckSlides/ISCV article template/example_zh.tex:30: Missing ) inserted for expression.
<to be read again> 
                   1
l.30       “
            哲学来源于生活”。
I was expecting to see `+', `-', `*', `/', or `)'. Didn't.


/Users/kailianjacy/Desktop/fuckSlides/ISCV article template/example_zh.tex:30: LaTeX3 Error: Control sequence
(LaTeX3)        \c__xeCJK_xeCJK/ARPLUMingCN(0)/m/n/10/quanjiao/dim/dimen/“/tl
(LaTeX3)        already defined.

For immediate help type H <return>.
 ...                                              
                                                  
l.30       “
            哲学来源于生活”。

This is a coding error.

LaTeX has been asked to create a new control sequence
'\c__xeCJK_xeCJK/ARPLUMingCN(0)/m/n/10/quanjiao/dim/dimen/“/tl' but this name
has already been used elsewhere.

The current meaning is:
  macro:->0.0pt1 \tex_XeTeXcharglyph:D `“\exp_stop_f: \__dim_eval_end:
)-(0.0pt3 \tex_XeTeXcharglyph:D `“\exp_stop_f: \__dim_eval_end:
)\__dim_eval_end: 


/Users/kailianjacy/Desktop/fuckSlides/ISCV article template/example_zh.tex:30: You can't use `\XeTeXcharglyph' in horizontal mode.
\c__xeCJK_xeCJK/ARPLUMingCN(0)/m/n/10/quanjiao/dim/bound/left/“/tl ...
                                                  `“\exp_stop_f: \__dim_eval...
l.30       “
            哲学来源于生活”。
Sorry, but I'm not programmed to handle this case;
I'll just pretend that you didn't ask for it.
If you're in the wrong mode, you might be able to
return to the right one by typing `I}' or `I$' or `I\par'.

/Users/kailianjacy/Desktop/fuckSlides/ISCV article template/example_zh.tex:30: Cannot use \XeTeXglyphbounds with nullfont; not a native platform font.
<recently read> \tex_XeTeXglyphbounds:D 
                                        
l.30       “
            哲学来源于生活”。


/Users/kailianjacy/Desktop/fuckSlides/ISCV article template/example_zh.tex:30: LaTeX3 Error: Control sequence
(LaTeX3)       
\c__xeCJK_xeCJK/ARPLUMingCN(0)/m/n/10/quanjiao/dim/bound/left/“/tl
(LaTeX3)        already defined.

For immediate help type H <return>.
 ...                                              
                                                  
l.30       “
            哲学来源于生活”。

This is a coding error.

LaTeX has been asked to create a new control sequence
'\c__xeCJK_xeCJK/ARPLUMingCN(0)/m/n/10/quanjiao/dim/bound/left/“/tl' but this
name has already been used elsewhere.

The current meaning is:
  macro:->0.0pt1 \tex_XeTeXcharglyph:D `“\exp_stop_f: \__dim_eval_end: 


/Users/kailianjacy/Desktop/fuckSlides/ISCV article template/example_zh.tex:30: Cannot use \XeTeXglyphbounds with nullfont; not a native platform font.
<recently read> \tex_XeTeXglyphbounds:D 
                                        
l.30       “
            哲学来源于生活”。


/Users/kailianjacy/Desktop/fuckSlides/ISCV article template/example_zh.tex:30: LaTeX3 Error: Control sequence
(LaTeX3)       
\c__xeCJK_xeCJK/ARPLUMingCN(0)/m/n/10/quanjiao/dim/bound/right/“/tl
(LaTeX3)        already defined.

For immediate help type H <return>.
 ...                                              
                                                  
l.30       “
            哲学来源于生活”。

This is a coding error.

LaTeX has been asked to create a new control sequence
'\c__xeCJK_xeCJK/ARPLUMingCN(0)/m/n/10/quanjiao/dim/bound/right/“/tl' but this
name has already been used elsewhere.

The current meaning is:
  macro:->0.0pt3 \tex_XeTeXcharglyph:D `“\exp_stop_f: \__dim_eval_end: 



/Users/kailianjacy/Desktop/fuckSlides/ISCV article template/example_zh.tex:30: LaTeX3 Error: Control sequence
(LaTeX3)        \c__xeCJK_xeCJK/ARPLUMingCN(0)/m/n/10/quanjiao/dim/width/“/tl
(LaTeX3)        already defined.

For immediate help type H <return>.
 ...                                              
                                                  
l.30       “
            哲学来源于生活”。

This is a coding error.

LaTeX has been asked to create a new control sequence
'\c__xeCJK_xeCJK/ARPLUMingCN(0)/m/n/10/quanjiao/dim/width/“/tl' but this name
has already been used elsewhere.

The current meaning is:
  macro:->0.0pt


/Users/kailianjacy/Desktop/fuckSlides/ISCV article template/example_zh.tex:30: Missing ) inserted for expression.
<to be read again> 
                   1
l.30       “
            哲学来源于生活”。
I was expecting to see `+', `-', `*', `/', or `)'. Didn't.


/Users/kailianjacy/Desktop/fuckSlides/ISCV article template/example_zh.tex:30: LaTeX3 Error: Control sequence
(LaTeX3)        \c__xeCJK_xeCJK/ARPLUMingCN(0)/m/n/10/quanjiao/dim/dimen/“/tl
(LaTeX3)        already defined.

For immediate help type H <return>.
 ...                                              
                                                  
l.30       “
            哲学来源于生活”。

This is a coding error.

LaTeX has been asked to create a new control sequence
'\c__xeCJK_xeCJK/ARPLUMingCN(0)/m/n/10/quanjiao/dim/dimen/“/tl' but this name
has already been used elsewhere.

The current meaning is:
  macro:->0.0pt1 \tex_XeTeXcharglyph:D `“\exp_stop_f: \__dim_eval_end:
)-(0.0pt3 \tex_XeTeXcharglyph:D `“\exp_stop_f: \__dim_eval_end:
)\__dim_eval_end: 


/Users/kailianjacy/Desktop/fuckSlides/ISCV article template/example_zh.tex:30: You can't use `\XeTeXcharglyph' in horizontal mode.
\c__xeCJK_xeCJK/ARPLUMingCN(0)/m/n/10/quanjiao/dim/bound/left/“/tl ...
                                                  `“\exp_stop_f: \__dim_eval...
l.30       “
            哲学来源于生活”。
Sorry, but I'm not programmed to handle this case;
I'll just pretend that you didn't ask for it.
If you're in the wrong mode, you might be able to
return to the right one by typing `I}' or `I$' or `I\par'.

/Users/kailianjacy/Desktop/fuckSlides/ISCV article template/example_zh.tex:30: Cannot use \XeTeXglyphbounds with nullfont; not a native platform font.
<recently read> \tex_XeTeXglyphbounds:D 
                                        
l.30       “
            哲学来源于生活”。


/Users/kailianjacy/Desktop/fuckSlides/ISCV article template/example_zh.tex:30: LaTeX3 Error: Control sequence
(LaTeX3)       
\c__xeCJK_xeCJK/ARPLUMingCN(0)/m/n/10/quanjiao/dim/bound/left/“/tl
(LaTeX3)        already defined.

For immediate help type H <return>.
 ...                                              
                                                  
l.30       “
            哲学来源于生活”。

This is a coding error.

LaTeX has been asked to create a new control sequence
'\c__xeCJK_xeCJK/ARPLUMingCN(0)/m/n/10/quanjiao/dim/bound/left/“/tl' but this
name has already been used elsewhere.

The current meaning is:
  macro:->0.0pt1 \tex_XeTeXcharglyph:D `“\exp_stop_f: \__dim_eval_end: 


/Users/kailianjacy/Desktop/fuckSlides/ISCV article template/example_zh.tex:30: Cannot use \XeTeXglyphbounds with nullfont; not a native platform font.
<recently read> \tex_XeTeXglyphbounds:D 
                                        
l.30       “
            哲学来源于生活”。


/Users/kailianjacy/Desktop/fuckSlides/ISCV article template/example_zh.tex:30: LaTeX3 Error: Control sequence
(LaTeX3)       
\c__xeCJK_xeCJK/ARPLUMingCN(0)/m/n/10/quanjiao/dim/bound/right/“/tl
(LaTeX3)        already defined.

For immediate help type H <return>.
 ...                                              
                                                  
l.30       “
            哲学来源于生活”。

This is a coding error.

LaTeX has been asked to create a new control sequence
'\c__xeCJK_xeCJK/ARPLUMingCN(0)/m/n/10/quanjiao/dim/bound/right/“/tl' but this
name has already been used elsewhere.

The current meaning is:
  macro:->0.0pt3 \tex_XeTeXcharglyph:D `“\exp_stop_f: \__dim_eval_end: 



/Users/kailianjacy/Desktop/fuckSlides/ISCV article template/example_zh.tex:30: LaTeX3 Error: Control sequence
(LaTeX3)        \c__xeCJK_xeCJK/ARPLUMingCN(0)/m/n/10/quanjiao/dim/width/“/tl
(LaTeX3)        already defined.

For immediate help type H <return>.
 ...                                              
                                                  
l.30       “
            哲学来源于生活”。

This is a coding error.

LaTeX has been asked to create a new control sequence
'\c__xeCJK_xeCJK/ARPLUMingCN(0)/m/n/10/quanjiao/dim/width/“/tl' but this name
has already been used elsewhere.

The current meaning is:
  macro:->0.0pt


/Users/kailianjacy/Desktop/fuckSlides/ISCV article template/example_zh.tex:30: Missing ) inserted for expression.
<to be read again> 
                   1
l.30       “
            哲学来源于生活”。
I was expecting to see `+', `-', `*', `/', or `)'. Didn't.


/Users/kailianjacy/Desktop/fuckSlides/ISCV article template/example_zh.tex:30: LaTeX3 Error: Control sequence
(LaTeX3)        \c__xeCJK_xeCJK/ARPLUMingCN(0)/m/n/10/quanjiao/dim/dimen/“/tl
(LaTeX3)        already defined.

For immediate help type H <return>.
 ...                                              
                                                  
l.30       “
            哲学来源于生活”。

This is a coding error.

LaTeX has been asked to create a new control sequence
'\c__xeCJK_xeCJK/ARPLUMingCN(0)/m/n/10/quanjiao/dim/dimen/“/tl' but this name
has already been used elsewhere.

The current meaning is:
  macro:->0.0pt1 \tex_XeTeXcharglyph:D `“\exp_stop_f: \__dim_eval_end:
)-(0.0pt3 \tex_XeTeXcharglyph:D `“\exp_stop_f: \__dim_eval_end:
)\__dim_eval_end: 


/Users/kailianjacy/Desktop/fuckSlides/ISCV article template/example_zh.tex:30: You can't use `\XeTeXcharglyph' in horizontal mode.
\c__xeCJK_xeCJK/ARPLUMingCN(0)/m/n/10/quanjiao/dim/bound/left/“/tl ...
                                                  `“\exp_stop_f: \__dim_eval...
l.30       “
            哲学来源于生活”。
Sorry, but I'm not programmed to handle this case;
I'll just pretend that you didn't ask for it.
If you're in the wrong mode, you might be able to
return to the right one by typing `I}' or `I$' or `I\par'.

/Users/kailianjacy/Desktop/fuckSlides/ISCV article template/example_zh.tex:30: Cannot use \XeTeXglyphbounds with nullfont; not a native platform font.
<recently read> \tex_XeTeXglyphbounds:D 
                                        
l.30       “
            哲学来源于生活”。


/Users/kailianjacy/Desktop/fuckSlides/ISCV article template/example_zh.tex:30: LaTeX3 Error: Control sequence
(LaTeX3)       
\c__xeCJK_xeCJK/ARPLUMingCN(0)/m/n/10/quanjiao/dim/bound/left/“/tl
(LaTeX3)        already defined.

For immediate help type H <return>.
 ...                                              
                                                  
l.30       “
            哲学来源于生活”。

This is a coding error.

LaTeX has been asked to create a new control sequence
'\c__xeCJK_xeCJK/ARPLUMingCN(0)/m/n/10/quanjiao/dim/bound/left/“/tl' but this
name has already been used elsewhere.

The current meaning is:
  macro:->0.0pt1 \tex_XeTeXcharglyph:D `“\exp_stop_f: \__dim_eval_end: 


/Users/kailianjacy/Desktop/fuckSlides/ISCV article template/example_zh.tex:30: Cannot use \XeTeXglyphbounds with nullfont; not a native platform font.
<recently read> \tex_XeTeXglyphbounds:D 
                                        
l.30       “
            哲学来源于生活”。


/Users/kailianjacy/Desktop/fuckSlides/ISCV article template/example_zh.tex:30: LaTeX3 Error: Control sequence
(LaTeX3)       
\c__xeCJK_xeCJK/ARPLUMingCN(0)/m/n/10/quanjiao/dim/bound/right/“/tl
(LaTeX3)        already defined.

For immediate help type H <return>.
 ...                                              
                                                  
l.30       “
            哲学来源于生活”。

This is a coding error.

LaTeX has been asked to create a new control sequence
'\c__xeCJK_xeCJK/ARPLUMingCN(0)/m/n/10/quanjiao/dim/bound/right/“/tl' but this
name has already been used elsewhere.

The current meaning is:
  macro:->0.0pt3 \tex_XeTeXcharglyph:D `“\exp_stop_f: \__dim_eval_end: 



/Users/kailianjacy/Desktop/fuckSlides/ISCV article template/example_zh.tex:30: LaTeX3 Error: Control sequence
(LaTeX3)        \c__xeCJK_xeCJK/ARPLUMingCN(0)/m/n/10/quanjiao/dim/width/“/tl
(LaTeX3)        already defined.

For immediate help type H <return>.
 ...                                              
                                                  
l.30       “
            哲学来源于生活”。

This is a coding error.

LaTeX has been asked to create a new control sequence
'\c__xeCJK_xeCJK/ARPLUMingCN(0)/m/n/10/quanjiao/dim/width/“/tl' but this name
has already been used elsewhere.

The current meaning is:
  macro:->0.0pt


/Users/kailianjacy/Desktop/fuckSlides/ISCV article template/example_zh.tex:30: Missing ) inserted for expression.
<to be read again> 
                   1
l.30       “
            哲学来源于生活”。
I was expecting to see `+', `-', `*', `/', or `)'. Didn't.


/Users/kailianjacy/Desktop/fuckSlides/ISCV article template/example_zh.tex:30: LaTeX3 Error: Control sequence
(LaTeX3)        \c__xeCJK_xeCJK/ARPLUMingCN(0)/m/n/10/quanjiao/dim/dimen/“/tl
(LaTeX3)        already defined.

For immediate help type H <return>.
 ...                                              
                                                  
l.30       “
            哲学来源于生活”。

This is a coding error.

LaTeX has been asked to create a new control sequence
'\c__xeCJK_xeCJK/ARPLUMingCN(0)/m/n/10/quanjiao/dim/dimen/“/tl' but this name
has already been used elsewhere.

The current meaning is:
  macro:->0.0pt1 \tex_XeTeXcharglyph:D `“\exp_stop_f: \__dim_eval_end:
)-(0.0pt3 \tex_XeTeXcharglyph:D `“\exp_stop_f: \__dim_eval_end:
)\__dim_eval_end: 


/Users/kailianjacy/Desktop/fuckSlides/ISCV article template/example_zh.tex:30: You can't use `\XeTeXcharglyph' in horizontal mode.
\c__xeCJK_xeCJK/ARPLUMingCN(0)/m/n/10/quanjiao/dim/bound/left/“/tl ...
                                                  `“\exp_stop_f: \__dim_eval...
l.30       “
            哲学来源于生活”。
Sorry, but I'm not programmed to handle this case;
I'll just pretend that you didn't ask for it.
If you're in the wrong mode, you might be able to
return to the right one by typing `I}' or `I$' or `I\par'.

/Users/kailianjacy/Desktop/fuckSlides/ISCV article template/example_zh.tex:30: Cannot use \XeTeXglyphbounds with nullfont; not a native platform font.
<recently read> \tex_XeTeXglyphbounds:D 
                                        
l.30       “
            哲学来源于生活”。


/Users/kailianjacy/Desktop/fuckSlides/ISCV article template/example_zh.tex:30: LaTeX3 Error: Control sequence
(LaTeX3)       
\c__xeCJK_xeCJK/ARPLUMingCN(0)/m/n/10/quanjiao/dim/bound/left/“/tl
(LaTeX3)        already defined.

For immediate help type H <return>.
 ...                                              
                                                  
l.30       “
            哲学来源于生活”。

This is a coding error.

LaTeX has been asked to create a new control sequence
'\c__xeCJK_xeCJK/ARPLUMingCN(0)/m/n/10/quanjiao/dim/bound/left/“/tl' but this
name has already been used elsewhere.

The current meaning is:
  macro:->0.0pt1 \tex_XeTeXcharglyph:D `“\exp_stop_f: \__dim_eval_end: 


/Users/kailianjacy/Desktop/fuckSlides/ISCV article template/example_zh.tex:30: Cannot use \XeTeXglyphbounds with nullfont; not a native platform font.
<recently read> \tex_XeTeXglyphbounds:D 
                                        
l.30       “
            哲学来源于生活”。


/Users/kailianjacy/Desktop/fuckSlides/ISCV article template/example_zh.tex:30: LaTeX3 Error: Control sequence
(LaTeX3)       
\c__xeCJK_xeCJK/ARPLUMingCN(0)/m/n/10/quanjiao/dim/bound/right/“/tl
(LaTeX3)        already defined.

For immediate help type H <return>.
 ...                                              
                                                  
l.30       “
            哲学来源于生活”。

This is a coding error.

LaTeX has been asked to create a new control sequence
'\c__xeCJK_xeCJK/ARPLUMingCN(0)/m/n/10/quanjiao/dim/bound/right/“/tl' but this
name has already been used elsewhere.

The current meaning is:
  macro:->0.0pt3 \tex_XeTeXcharglyph:D `“\exp_stop_f: \__dim_eval_end: 



/Users/kailianjacy/Desktop/fuckSlides/ISCV article template/example_zh.tex:30: LaTeX3 Error: Control sequence
(LaTeX3)        \c__xeCJK_xeCJK/ARPLUMingCN(0)/m/n/10/quanjiao/dim/width/“/tl
(LaTeX3)        already defined.

For immediate help type H <return>.
 ...                                              
                                                  
l.30       “
            哲学来源于生活”。

This is a coding error.

LaTeX has been asked to create a new control sequence
'\c__xeCJK_xeCJK/ARPLUMingCN(0)/m/n/10/quanjiao/dim/width/“/tl' but this name
has already been used elsewhere.

The current meaning is:
  macro:->0.0pt


/Users/kailianjacy/Desktop/fuckSlides/ISCV article template/example_zh.tex:30: Missing ) inserted for expression.
<to be read again> 
                   1
l.30       “
            哲学来源于生活”。
I was expecting to see `+', `-', `*', `/', or `)'. Didn't.


/Users/kailianjacy/Desktop/fuckSlides/ISCV article template/example_zh.tex:30: LaTeX3 Error: Control sequence
(LaTeX3)        \c__xeCJK_xeCJK/ARPLUMingCN(0)/m/n/10/quanjiao/dim/dimen/“/tl
(LaTeX3)        already defined.

For immediate help type H <return>.
 ...                                              
                                                  
l.30       “
            哲学来源于生活”。

This is a coding error.

LaTeX has been asked to create a new control sequence
'\c__xeCJK_xeCJK/ARPLUMingCN(0)/m/n/10/quanjiao/dim/dimen/“/tl' but this name
has already been used elsewhere.

The current meaning is:
  macro:->0.0pt1 \tex_XeTeXcharglyph:D `“\exp_stop_f: \__dim_eval_end:
)-(0.0pt3 \tex_XeTeXcharglyph:D `“\exp_stop_f: \__dim_eval_end:
)\__dim_eval_end: 


/Users/kailianjacy/Desktop/fuckSlides/ISCV article template/example_zh.tex:30: You can't use `\XeTeXcharglyph' in horizontal mode.
\c__xeCJK_xeCJK/ARPLUMingCN(0)/m/n/10/quanjiao/dim/bound/left/“/tl ...
                                                  `“\exp_stop_f: \__dim_eval...
l.30       “
            哲学来源于生活”。
Sorry, but I'm not programmed to handle this case;
I'll just pretend that you didn't ask for it.
If you're in the wrong mode, you might be able to
return to the right one by typing `I}' or `I$' or `I\par'.

/Users/kailianjacy/Desktop/fuckSlides/ISCV article template/example_zh.tex:30: Cannot use \XeTeXglyphbounds with nullfont; not a native platform font.
<recently read> \tex_XeTeXglyphbounds:D 
                                        
l.30       “
            哲学来源于生活”。


/Users/kailianjacy/Desktop/fuckSlides/ISCV article template/example_zh.tex:30: LaTeX3 Error: Control sequence
(LaTeX3)       
\c__xeCJK_xeCJK/ARPLUMingCN(0)/m/n/10/quanjiao/dim/bound/left/“/tl
(LaTeX3)        already defined.

For immediate help type H <return>.
 ...                                              
                                                  
l.30       “
            哲学来源于生活”。

This is a coding error.

LaTeX has been asked to create a new control sequence
'\c__xeCJK_xeCJK/ARPLUMingCN(0)/m/n/10/quanjiao/dim/bound/left/“/tl' but this
name has already been used elsewhere.

The current meaning is:
  macro:->0.0pt1 \tex_XeTeXcharglyph:D `“\exp_stop_f: \__dim_eval_end: 


/Users/kailianjacy/Desktop/fuckSlides/ISCV article template/example_zh.tex:30: Cannot use \XeTeXglyphbounds with nullfont; not a native platform font.
<recently read> \tex_XeTeXglyphbounds:D 
                                        
l.30       “
            哲学来源于生活”。


/Users/kailianjacy/Desktop/fuckSlides/ISCV article template/example_zh.tex:30: LaTeX3 Error: Control sequence
(LaTeX3)       
\c__xeCJK_xeCJK/ARPLUMingCN(0)/m/n/10/quanjiao/dim/bound/right/“/tl
(LaTeX3)        already defined.

For immediate help type H <return>.
 ...                                              
                                                  
l.30       “
            哲学来源于生活”。

This is a coding error.

LaTeX has been asked to create a new control sequence
'\c__xeCJK_xeCJK/ARPLUMingCN(0)/m/n/10/quanjiao/dim/bound/right/“/tl' but this
name has already been used elsewhere.

The current meaning is:
  macro:->0.0pt3 \tex_XeTeXcharglyph:D `“\exp_stop_f: \__dim_eval_end: 



/Users/kailianjacy/Desktop/fuckSlides/ISCV article template/example_zh.tex:30: LaTeX3 Error: Control sequence
(LaTeX3)        \c__xeCJK_xeCJK/ARPLUMingCN(0)/m/n/10/quanjiao/dim/width/“/tl
(LaTeX3)        already defined.

For immediate help type H <return>.
 ...                                              
                                                  
l.30       “
            哲学来源于生活”。

This is a coding error.

LaTeX has been asked to create a new control sequence
'\c__xeCJK_xeCJK/ARPLUMingCN(0)/m/n/10/quanjiao/dim/width/“/tl' but this name
has already been used elsewhere.

The current meaning is:
  macro:->0.0pt


/Users/kailianjacy/Desktop/fuckSlides/ISCV article template/example_zh.tex:30: Missing ) inserted for expression.
<to be read again> 
                   1
l.30       “
            哲学来源于生活”。
I was expecting to see `+', `-', `*', `/', or `)'. Didn't.


/Users/kailianjacy/Desktop/fuckSlides/ISCV article template/example_zh.tex:30: LaTeX3 Error: Control sequence
(LaTeX3)        \c__xeCJK_xeCJK/ARPLUMingCN(0)/m/n/10/quanjiao/dim/dimen/“/tl
(LaTeX3)        already defined.

For immediate help type H <return>.
 ...                                              
                                                  
l.30       “
            哲学来源于生活”。

This is a coding error.

LaTeX has been asked to create a new control sequence
'\c__xeCJK_xeCJK/ARPLUMingCN(0)/m/n/10/quanjiao/dim/dimen/“/tl' but this name
has already been used elsewhere.

The current meaning is:
  macro:->0.0pt1 \tex_XeTeXcharglyph:D `“\exp_stop_f: \__dim_eval_end:
)-(0.0pt3 \tex_XeTeXcharglyph:D `“\exp_stop_f: \__dim_eval_end:
)\__dim_eval_end: 


/Users/kailianjacy/Desktop/fuckSlides/ISCV article template/example_zh.tex:30: You can't use `\XeTeXcharglyph' in horizontal mode.
\c__xeCJK_xeCJK/ARPLUMingCN(0)/m/n/10/quanjiao/dim/bound/left/“/tl ...
                                                  `“\exp_stop_f: \__dim_eval...
l.30       “
            哲学来源于生活”。
Sorry, but I'm not programmed to handle this case;
I'll just pretend that you didn't ask for it.
If you're in the wrong mode, you might be able to
return to the right one by typing `I}' or `I$' or `I\par'.

/Users/kailianjacy/Desktop/fuckSlides/ISCV article template/example_zh.tex:30: Cannot use \XeTeXglyphbounds with nullfont; not a native platform font.
<recently read> \tex_XeTeXglyphbounds:D 
                                        
l.30       “
            哲学来源于生活”。


/Users/kailianjacy/Desktop/fuckSlides/ISCV article template/example_zh.tex:30: LaTeX3 Error: Control sequence
(LaTeX3)       
\c__xeCJK_xeCJK/ARPLUMingCN(0)/m/n/10/quanjiao/dim/bound/left/“/tl
(LaTeX3)        already defined.

For immediate help type H <return>.
 ...                                              
                                                  
l.30       “
            哲学来源于生活”。

This is a coding error.

LaTeX has been asked to create a new control sequence
'\c__xeCJK_xeCJK/ARPLUMingCN(0)/m/n/10/quanjiao/dim/bound/left/“/tl' but this
name has already been used elsewhere.

The current meaning is:
  macro:->0.0pt1 \tex_XeTeXcharglyph:D `“\exp_stop_f: \__dim_eval_end: 


/Users/kailianjacy/Desktop/fuckSlides/ISCV article template/example_zh.tex:30: Cannot use \XeTeXglyphbounds with nullfont; not a native platform font.
<recently read> \tex_XeTeXglyphbounds:D 
                                        
l.30       “
            哲学来源于生活”。


/Users/kailianjacy/Desktop/fuckSlides/ISCV article template/example_zh.tex:30: LaTeX3 Error: Control sequence
(LaTeX3)       
\c__xeCJK_xeCJK/ARPLUMingCN(0)/m/n/10/quanjiao/dim/bound/right/“/tl
(LaTeX3)        already defined.

For immediate help type H <return>.
 ...                                              
                                                  
l.30       “
            哲学来源于生活”。

This is a coding error.

LaTeX has been asked to create a new control sequence
'\c__xeCJK_xeCJK/ARPLUMingCN(0)/m/n/10/quanjiao/dim/bound/right/“/tl' but this
name has already been used elsewhere.

The current meaning is:
  macro:->0.0pt3 \tex_XeTeXcharglyph:D `“\exp_stop_f: \__dim_eval_end: 



/Users/kailianjacy/Desktop/fuckSlides/ISCV article template/example_zh.tex:30: LaTeX3 Error: Control sequence
(LaTeX3)        \c__xeCJK_xeCJK/ARPLUMingCN(0)/m/n/10/quanjiao/dim/width/“/tl
(LaTeX3)        already defined.

For immediate help type H <return>.
 ...                                              
                                                  
l.30       “
            哲学来源于生活”。

This is a coding error.

LaTeX has been asked to create a new control sequence
'\c__xeCJK_xeCJK/ARPLUMingCN(0)/m/n/10/quanjiao/dim/width/“/tl' but this name
has already been used elsewhere.

The current meaning is:
  macro:->0.0pt


/Users/kailianjacy/Desktop/fuckSlides/ISCV article template/example_zh.tex:30: Missing ) inserted for expression.
<to be read again> 
                   1
l.30       “
            哲学来源于生活”。
I was expecting to see `+', `-', `*', `/', or `)'. Didn't.


/Users/kailianjacy/Desktop/fuckSlides/ISCV article template/example_zh.tex:30: LaTeX3 Error: Control sequence
(LaTeX3)        \c__xeCJK_xeCJK/ARPLUMingCN(0)/m/n/10/quanjiao/dim/dimen/“/tl
(LaTeX3)        already defined.

For immediate help type H <return>.
 ...                                              
                                                  
l.30       “
            哲学来源于生活”。

This is a coding error.

LaTeX has been asked to create a new control sequence
'\c__xeCJK_xeCJK/ARPLUMingCN(0)/m/n/10/quanjiao/dim/dimen/“/tl' but this name
has already been used elsewhere.

The current meaning is:
  macro:->0.0pt1 \tex_XeTeXcharglyph:D `“\exp_stop_f: \__dim_eval_end:
)-(0.0pt3 \tex_XeTeXcharglyph:D `“\exp_stop_f: \__dim_eval_end:
)\__dim_eval_end: 


/Users/kailianjacy/Desktop/fuckSlides/ISCV article template/example_zh.tex:30: You can't use `\XeTeXcharglyph' in horizontal mode.
\c__xeCJK_xeCJK/ARPLUMingCN(0)/m/n/10/quanjiao/dim/bound/left/“/tl ...
                                                  `“\exp_stop_f: \__dim_eval...
l.30       “
            哲学来源于生活”。
Sorry, but I'm not programmed to handle this case;
I'll just pretend that you didn't ask for it.
If you're in the wrong mode, you might be able to
return to the right one by typing `I}' or `I$' or `I\par'.

/Users/kailianjacy/Desktop/fuckSlides/ISCV article template/example_zh.tex:30: Cannot use \XeTeXglyphbounds with nullfont; not a native platform font.
<recently read> \tex_XeTeXglyphbounds:D 
                                        
l.30       “
            哲学来源于生活”。


/Users/kailianjacy/Desktop/fuckSlides/ISCV article template/example_zh.tex:30: LaTeX3 Error: Control sequence
(LaTeX3)       
\c__xeCJK_xeCJK/ARPLUMingCN(0)/m/n/10/quanjiao/dim/bound/left/“/tl
(LaTeX3)        already defined.

For immediate help type H <return>.
 ...                                              
                                                  
l.30       “
            哲学来源于生活”。

This is a coding error.

LaTeX has been asked to create a new control sequence
'\c__xeCJK_xeCJK/ARPLUMingCN(0)/m/n/10/quanjiao/dim/bound/left/“/tl' but this
name has already been used elsewhere.

The current meaning is:
  macro:->0.0pt1 \tex_XeTeXcharglyph:D `“\exp_stop_f: \__dim_eval_end: 


/Users/kailianjacy/Desktop/fuckSlides/ISCV article template/example_zh.tex:30: Cannot use \XeTeXglyphbounds with nullfont; not a native platform font.
<recently read> \tex_XeTeXglyphbounds:D 
                                        
l.30       “
            哲学来源于生活”。


/Users/kailianjacy/Desktop/fuckSlides/ISCV article template/example_zh.tex:30: LaTeX3 Error: Control sequence
(LaTeX3)       
\c__xeCJK_xeCJK/ARPLUMingCN(0)/m/n/10/quanjiao/dim/bound/right/“/tl
(LaTeX3)        already defined.

For immediate help type H <return>.
 ...                                              
                                                  
l.30       “
            哲学来源于生活”。

This is a coding error.

LaTeX has been asked to create a new control sequence
'\c__xeCJK_xeCJK/ARPLUMingCN(0)/m/n/10/quanjiao/dim/bound/right/“/tl' but this
name has already been used elsewhere.

The current meaning is:
  macro:->0.0pt3 \tex_XeTeXcharglyph:D `“\exp_stop_f: \__dim_eval_end: 



/Users/kailianjacy/Desktop/fuckSlides/ISCV article template/example_zh.tex:30: LaTeX3 Error: Control sequence
(LaTeX3)        \c__xeCJK_xeCJK/ARPLUMingCN(0)/m/n/10/quanjiao/dim/width/“/tl
(LaTeX3)        already defined.

For immediate help type H <return>.
 ...                                              
                                                  
l.30       “
            哲学来源于生活”。

This is a coding error.

LaTeX has been asked to create a new control sequence
'\c__xeCJK_xeCJK/ARPLUMingCN(0)/m/n/10/quanjiao/dim/width/“/tl' but this name
has already been used elsewhere.

The current meaning is:
  macro:->0.0pt


/Users/kailianjacy/Desktop/fuckSlides/ISCV article template/example_zh.tex:30: Missing ) inserted for expression.
<to be read again> 
                   1
l.30       “
            哲学来源于生活”。
I was expecting to see `+', `-', `*', `/', or `)'. Didn't.


/Users/kailianjacy/Desktop/fuckSlides/ISCV article template/example_zh.tex:30: LaTeX3 Error: Control sequence
(LaTeX3)        \c__xeCJK_xeCJK/ARPLUMingCN(0)/m/n/10/quanjiao/dim/dimen/“/tl
(LaTeX3)        already defined.

For immediate help type H <return>.
 ...                                              
                                                  
l.30       “
            哲学来源于生活”。

This is a coding error.

LaTeX has been asked to create a new control sequence
'\c__xeCJK_xeCJK/ARPLUMingCN(0)/m/n/10/quanjiao/dim/dimen/“/tl' but this name
has already been used elsewhere.

The current meaning is:
  macro:->0.0pt1 \tex_XeTeXcharglyph:D `“\exp_stop_f: \__dim_eval_end:
)-(0.0pt3 \tex_XeTeXcharglyph:D `“\exp_stop_f: \__dim_eval_end:
)\__dim_eval_end: 


/Users/kailianjacy/Desktop/fuckSlides/ISCV article template/example_zh.tex:30: You can't use `\XeTeXcharglyph' in horizontal mode.
\c__xeCJK_xeCJK/ARPLUMingCN(0)/m/n/10/quanjiao/dim/bound/left/“/tl ...
                                                  `“\exp_stop_f: \__dim_eval...
l.30       “
            哲学来源于生活”。
Sorry, but I'm not programmed to handle this case;
I'll just pretend that you didn't ask for it.
If you're in the wrong mode, you might be able to
return to the right one by typing `I}' or `I$' or `I\par'.

/Users/kailianjacy/Desktop/fuckSlides/ISCV article template/example_zh.tex:30: Cannot use \XeTeXglyphbounds with nullfont; not a native platform font.
<recently read> \tex_XeTeXglyphbounds:D 
                                        
l.30       “
            哲学来源于生活”。


/Users/kailianjacy/Desktop/fuckSlides/ISCV article template/example_zh.tex:30: LaTeX3 Error: Control sequence
(LaTeX3)       
\c__xeCJK_xeCJK/ARPLUMingCN(0)/m/n/10/quanjiao/dim/bound/left/“/tl
(LaTeX3)        already defined.

For immediate help type H <return>.
 ...                                              
                                                  
l.30       “
            哲学来源于生活”。

This is a coding error.

LaTeX has been asked to create a new control sequence
'\c__xeCJK_xeCJK/ARPLUMingCN(0)/m/n/10/quanjiao/dim/bound/left/“/tl' but this
name has already been used elsewhere.

The current meaning is:
  macro:->0.0pt1 \tex_XeTeXcharglyph:D `“\exp_stop_f: \__dim_eval_end: 


/Users/kailianjacy/Desktop/fuckSlides/ISCV article template/example_zh.tex:30: Cannot use \XeTeXglyphbounds with nullfont; not a native platform font.
<recently read> \tex_XeTeXglyphbounds:D 
                                        
l.30       “
            哲学来源于生活”。


/Users/kailianjacy/Desktop/fuckSlides/ISCV article template/example_zh.tex:30: LaTeX3 Error: Control sequence
(LaTeX3)       
\c__xeCJK_xeCJK/ARPLUMingCN(0)/m/n/10/quanjiao/dim/bound/right/“/tl
(LaTeX3)        already defined.

For immediate help type H <return>.
 ...                                              
                                                  
l.30       “
            哲学来源于生活”。

This is a coding error.

LaTeX has been asked to create a new control sequence
'\c__xeCJK_xeCJK/ARPLUMingCN(0)/m/n/10/quanjiao/dim/bound/right/“/tl' but this
name has already been used elsewhere.

The current meaning is:
  macro:->0.0pt3 \tex_XeTeXcharglyph:D `“\exp_stop_f: \__dim_eval_end: 



/Users/kailianjacy/Desktop/fuckSlides/ISCV article template/example_zh.tex:30: LaTeX3 Error: Control sequence
(LaTeX3)        \c__xeCJK_xeCJK/ARPLUMingCN(0)/m/n/10/quanjiao/dim/width/“/tl
(LaTeX3)        already defined.

For immediate help type H <return>.
 ...                                              
                                                  
l.30       “
            哲学来源于生活”。

This is a coding error.

LaTeX has been asked to create a new control sequence
'\c__xeCJK_xeCJK/ARPLUMingCN(0)/m/n/10/quanjiao/dim/width/“/tl' but this name
has already been used elsewhere.

The current meaning is:
  macro:->0.0pt


/Users/kailianjacy/Desktop/fuckSlides/ISCV article template/example_zh.tex:30: Missing ) inserted for expression.
<to be read again> 
                   1
l.30       “
            哲学来源于生活”。
I was expecting to see `+', `-', `*', `/', or `)'. Didn't.


/Users/kailianjacy/Desktop/fuckSlides/ISCV article template/example_zh.tex:30: LaTeX3 Error: Control sequence
(LaTeX3)        \c__xeCJK_xeCJK/ARPLUMingCN(0)/m/n/10/quanjiao/dim/dimen/“/tl
(LaTeX3)        already defined.

For immediate help type H <return>.
 ...                                              
                                                  
l.30       “
            哲学来源于生活”。

This is a coding error.

LaTeX has been asked to create a new control sequence
'\c__xeCJK_xeCJK/ARPLUMingCN(0)/m/n/10/quanjiao/dim/dimen/“/tl' but this name
has already been used elsewhere.

The current meaning is:
  macro:->0.0pt1 \tex_XeTeXcharglyph:D `“\exp_stop_f: \__dim_eval_end:
)-(0.0pt3 \tex_XeTeXcharglyph:D `“\exp_stop_f: \__dim_eval_end:
)\__dim_eval_end: 


/Users/kailianjacy/Desktop/fuckSlides/ISCV article template/example_zh.tex:30: You can't use `\XeTeXcharglyph' in horizontal mode.
\c__xeCJK_xeCJK/ARPLUMingCN(0)/m/n/10/quanjiao/dim/bound/left/“/tl ...
                                                  `“\exp_stop_f: \__dim_eval...
l.30       “
            哲学来源于生活”。
Sorry, but I'm not programmed to handle this case;
I'll just pretend that you didn't ask for it.
If you're in the wrong mode, you might be able to
return to the right one by typing `I}' or `I$' or `I\par'.

/Users/kailianjacy/Desktop/fuckSlides/ISCV article template/example_zh.tex:30: Cannot use \XeTeXglyphbounds with nullfont; not a native platform font.
<recently read> \tex_XeTeXglyphbounds:D 
                                        
l.30       “
            哲学来源于生活”。


/Users/kailianjacy/Desktop/fuckSlides/ISCV article template/example_zh.tex:30: LaTeX3 Error: Control sequence
(LaTeX3)       
\c__xeCJK_xeCJK/ARPLUMingCN(0)/m/n/10/quanjiao/dim/bound/left/“/tl
(LaTeX3)        already defined.

For immediate help type H <return>.
 ...                                              
                                                  
l.30       “
            哲学来源于生活”。

This is a coding error.

LaTeX has been asked to create a new control sequence
'\c__xeCJK_xeCJK/ARPLUMingCN(0)/m/n/10/quanjiao/dim/bound/left/“/tl' but this
name has already been used elsewhere.

The current meaning is:
  macro:->0.0pt1 \tex_XeTeXcharglyph:D `“\exp_stop_f: \__dim_eval_end: 


/Users/kailianjacy/Desktop/fuckSlides/ISCV article template/example_zh.tex:30: Cannot use \XeTeXglyphbounds with nullfont; not a native platform font.
<recently read> \tex_XeTeXglyphbounds:D 
                                        
l.30       “
            哲学来源于生活”。


/Users/kailianjacy/Desktop/fuckSlides/ISCV article template/example_zh.tex:30: LaTeX3 Error: Control sequence
(LaTeX3)       
\c__xeCJK_xeCJK/ARPLUMingCN(0)/m/n/10/quanjiao/dim/bound/right/“/tl
(LaTeX3)        already defined.

For immediate help type H <return>.
 ...                                              
                                                  
l.30       “
            哲学来源于生活”。

This is a coding error.

LaTeX has been asked to create a new control sequence
'\c__xeCJK_xeCJK/ARPLUMingCN(0)/m/n/10/quanjiao/dim/bound/right/“/tl' but this
name has already been used elsewhere.

The current meaning is:
  macro:->0.0pt3 \tex_XeTeXcharglyph:D `“\exp_stop_f: \__dim_eval_end: 



/Users/kailianjacy/Desktop/fuckSlides/ISCV article template/example_zh.tex:30: LaTeX3 Error: Control sequence
(LaTeX3)        \c__xeCJK_xeCJK/ARPLUMingCN(0)/m/n/10/quanjiao/dim/width/“/tl
(LaTeX3)        already defined.

For immediate help type H <return>.
 ...                                              
                                                  
l.30       “
            哲学来源于生活”。

This is a coding error.

LaTeX has been asked to create a new control sequence
'\c__xeCJK_xeCJK/ARPLUMingCN(0)/m/n/10/quanjiao/dim/width/“/tl' but this name
has already been used elsewhere.

The current meaning is:
  macro:->0.0pt


/Users/kailianjacy/Desktop/fuckSlides/ISCV article template/example_zh.tex:30: Missing ) inserted for expression.
<to be read again> 
                   1
l.30       “
            哲学来源于生活”。
I was expecting to see `+', `-', `*', `/', or `)'. Didn't.


/Users/kailianjacy/Desktop/fuckSlides/ISCV article template/example_zh.tex:30: LaTeX3 Error: Control sequence
(LaTeX3)        \c__xeCJK_xeCJK/ARPLUMingCN(0)/m/n/10/quanjiao/dim/dimen/“/tl
(LaTeX3)        already defined.

For immediate help type H <return>.
 ...                                              
                                                  
l.30       “
            哲学来源于生活”。

This is a coding error.

LaTeX has been asked to create a new control sequence
'\c__xeCJK_xeCJK/ARPLUMingCN(0)/m/n/10/quanjiao/dim/dimen/“/tl' but this name
has already been used elsewhere.

The current meaning is:
  macro:->0.0pt1 \tex_XeTeXcharglyph:D `“\exp_stop_f: \__dim_eval_end:
)-(0.0pt3 \tex_XeTeXcharglyph:D `“\exp_stop_f: \__dim_eval_end:
)\__dim_eval_end: 


/Users/kailianjacy/Desktop/fuckSlides/ISCV article template/example_zh.tex:30: You can't use `\XeTeXcharglyph' in horizontal mode.
\c__xeCJK_xeCJK/ARPLUMingCN(0)/m/n/10/quanjiao/dim/bound/left/“/tl ...
                                                  `“\exp_stop_f: \__dim_eval...
l.30       “
            哲学来源于生活”。
Sorry, but I'm not programmed to handle this case;
I'll just pretend that you didn't ask for it.
If you're in the wrong mode, you might be able to
return to the right one by typing `I}' or `I$' or `I\par'.

/Users/kailianjacy/Desktop/fuckSlides/ISCV article template/example_zh.tex:30: Cannot use \XeTeXglyphbounds with nullfont; not a native platform font.
<recently read> \tex_XeTeXglyphbounds:D 
                                        
l.30       “
            哲学来源于生活”。


/Users/kailianjacy/Desktop/fuckSlides/ISCV article template/example_zh.tex:30: LaTeX3 Error: Control sequence
(LaTeX3)       
\c__xeCJK_xeCJK/ARPLUMingCN(0)/m/n/10/quanjiao/dim/bound/left/“/tl
(LaTeX3)        already defined.

For immediate help type H <return>.
 ...                                              
                                                  
l.30       “
            哲学来源于生活”。

This is a coding error.

LaTeX has been asked to create a new control sequence
'\c__xeCJK_xeCJK/ARPLUMingCN(0)/m/n/10/quanjiao/dim/bound/left/“/tl' but this
name has already been used elsewhere.

The current meaning is:
  macro:->0.0pt1 \tex_XeTeXcharglyph:D `“\exp_stop_f: \__dim_eval_end: 


/Users/kailianjacy/Desktop/fuckSlides/ISCV article template/example_zh.tex:30: Cannot use \XeTeXglyphbounds with nullfont; not a native platform font.
<recently read> \tex_XeTeXglyphbounds:D 
                                        
l.30       “
            哲学来源于生活”。


/Users/kailianjacy/Desktop/fuckSlides/ISCV article template/example_zh.tex:30: LaTeX3 Error: Control sequence
(LaTeX3)       
\c__xeCJK_xeCJK/ARPLUMingCN(0)/m/n/10/quanjiao/dim/bound/right/“/tl
(LaTeX3)        already defined.

For immediate help type H <return>.
 ...                                              
                                                  
l.30       “
            哲学来源于生活”。

This is a coding error.

LaTeX has been asked to create a new control sequence
'\c__xeCJK_xeCJK/ARPLUMingCN(0)/m/n/10/quanjiao/dim/bound/right/“/tl' but this
name has already been used elsewhere.

The current meaning is:
  macro:->0.0pt3 \tex_XeTeXcharglyph:D `“\exp_stop_f: \__dim_eval_end: 



/Users/kailianjacy/Desktop/fuckSlides/ISCV article template/example_zh.tex:30: LaTeX3 Error: Control sequence
(LaTeX3)        \c__xeCJK_xeCJK/ARPLUMingCN(0)/m/n/10/quanjiao/dim/width/“/tl
(LaTeX3)        already defined.

For immediate help type H <return>.
 ...                                              
                                                  
l.30       “
            哲学来源于生活”。

This is a coding error.

LaTeX has been asked to create a new control sequence
'\c__xeCJK_xeCJK/ARPLUMingCN(0)/m/n/10/quanjiao/dim/width/“/tl' but this name
has already been used elsewhere.

The current meaning is:
  macro:->0.0pt


/Users/kailianjacy/Desktop/fuckSlides/ISCV article template/example_zh.tex:30: Missing ) inserted for expression.
<to be read again> 
                   1
l.30       “
            哲学来源于生活”。
I was expecting to see `+', `-', `*', `/', or `)'. Didn't.


/Users/kailianjacy/Desktop/fuckSlides/ISCV article template/example_zh.tex:30: LaTeX3 Error: Control sequence
(LaTeX3)        \c__xeCJK_xeCJK/ARPLUMingCN(0)/m/n/10/quanjiao/dim/dimen/“/tl
(LaTeX3)        already defined.

For immediate help type H <return>.
 ...                                              
                                                  
l.30       “
            哲学来源于生活”。

This is a coding error.

LaTeX has been asked to create a new control sequence
'\c__xeCJK_xeCJK/ARPLUMingCN(0)/m/n/10/quanjiao/dim/dimen/“/tl' but this name
has already been used elsewhere.

The current meaning is:
  macro:->0.0pt1 \tex_XeTeXcharglyph:D `“\exp_stop_f: \__dim_eval_end:
)-(0.0pt3 \tex_XeTeXcharglyph:D `“\exp_stop_f: \__dim_eval_end:
)\__dim_eval_end: 


/Users/kailianjacy/Desktop/fuckSlides/ISCV article template/example_zh.tex:30: You can't use `\XeTeXcharglyph' in horizontal mode.
\c__xeCJK_xeCJK/ARPLUMingCN(0)/m/n/10/quanjiao/dim/bound/left/“/tl ...
                                                  `“\exp_stop_f: \__dim_eval...
l.30       “
            哲学来源于生活”。
(That makes 100 errors; please try again.) 
Here is how much of TeX's memory you used:
 10171 strings out of 479418
 241362 string characters out of 5884584
 536522 words of memory out of 5000000
 27529 multiletter control sequences out of 15000+600000
 556774 words of font info for 55 fonts, out of 8000000 for 9000
 1348 hyphenation exceptions out of 8191
 68i,7n,108p,905b,283s stack positions out of 5000i,500n,10000p,200000b,80000s

No pages of output.
